{"total": {"lines":{"total":113688,"covered":83197,"skipped":0,"pct":73.18},"statements":{"total":113688,"covered":83197,"skipped":0,"pct":73.18},"functions":{"total":3039,"covered":2274,"skipped":0,"pct":74.82},"branches":{"total":13346,"covered":11057,"skipped":0,"pct":82.84},"branchesTrue":{"total":0,"covered":0,"skipped":0,"pct":100}}
,"/home/erik/Workspace/teszt-beadando-excalidraw/packages/common/debug.ts": {"lines":{"total":220,"covered":216,"skipped":0,"pct":98.18},"functions":{"total":12,"covered":12,"skipped":0,"pct":100},"statements":{"total":220,"covered":216,"skipped":0,"pct":98.18},"branches":{"total":57,"covered":54,"skipped":0,"pct":94.73}}
,"/home/erik/Workspace/teszt-beadando-excalidraw/packages/common/global.d.ts": {"lines":{"total":3,"covered":0,"skipped":0,"pct":0},"functions":{"total":1,"covered":0,"skipped":0,"pct":0},"statements":{"total":3,"covered":0,"skipped":0,"pct":0},"branches":{"total":1,"covered":0,"skipped":0,"pct":0}}
,"/home/erik/Workspace/teszt-beadando-excalidraw/packages/common/src/appEventBus.ts": {"lines":{"total":136,"covered":134,"skipped":0,"pct":98.52},"functions":{"total":7,"covered":7,"skipped":0,"pct":100},"statements":{"total":136,"covered":134,"skipped":0,"pct":98.52},"branches":{"total":30,"covered":28,"skipped":0,"pct":93.33}}
,"/home/erik/Workspace/teszt-beadando-excalidraw/packages/common/src/binary-heap.ts": {"lines":{"total":110,"covered":108,"skipped":0,"pct":98.18},"functions":{"total":9,"covered":9,"skipped":0,"pct":100},"statements":{"total":110,"covered":108,"skipped":0,"pct":98.18},"branches":{"total":27,"covered":26,"skipped":0,"pct":96.29}}
,"/home/erik/Workspace/teszt-beadando-excalidraw/packages/common/src/bounds.ts": {"lines":{"total":17,"covered":17,"skipped":0,"pct":100},"functions":{"total":1,"covered":1,"skipped":0,"pct":100},"statements":{"total":17,"covered":17,"skipped":0,"pct":100},"branches":{"total":6,"covered":6,"skipped":0,"pct":100}}
,"/home/erik/Workspace/teszt-beadando-excalidraw/packages/common/src/colors.ts": {"lines":{"total":355,"covered":348,"skipped":0,"pct":98.02},"functions":{"total":12,"covered":12,"skipped":0,"pct":100},"statements":{"total":355,"covered":348,"skipped":0,"pct":98.02},"branches":{"total":33,"covered":29,"skipped":0,"pct":87.87}}
,"/home/erik/Workspace/teszt-beadando-excalidraw/packages/common/src/constants.ts": {"lines":{"total":515,"covered":515,"skipped":0,"pct":100},"functions":{"total":3,"covered":3,"skipped":0,"pct":100},"statements":{"total":515,"covered":515,"skipped":0,"pct":100},"branches":{"total":10,"covered":10,"skipped":0,"pct":100}}
,"/home/erik/Workspace/teszt-beadando-excalidraw/packages/common/src/editorInterface.ts": {"lines":{"total":222,"covered":176,"skipped":0,"pct":79.27},"functions":{"total":10,"covered":10,"skipped":0,"pct":100},"statements":{"total":222,"covered":176,"skipped":0,"pct":79.27},"branches":{"total":43,"covered":27,"skipped":0,"pct":62.79}}
,"/home/erik/Workspace/teszt-beadando-excalidraw/packages/common/src/emitter.ts": {"lines":{"total":51,"covered":51,"skipped":0,"pct":100},"functions":{"total":6,"covered":6,"skipped":0,"pct":100},"statements":{"total":51,"covered":51,"skipped":0,"pct":100},"branches":{"total":12,"covered":12,"skipped":0,"pct":100}}
,"/home/erik/Workspace/teszt-beadando-excalidraw/packages/common/src/font-metadata.ts": {"lines":{"total":181,"covered":180,"skipped":0,"pct":99.44},"functions":{"total":2,"covered":2,"skipped":0,"pct":100},"statements":{"total":181,"covered":180,"skipped":0,"pct":99.44},"branches":{"total":5,"covered":4,"skipped":0,"pct":80}}
,"/home/erik/Workspace/teszt-beadando-excalidraw/packages/common/src/index.ts": {"lines":{"total":17,"covered":17,"skipped":0,"pct":100},"functions":{"total":0,"covered":0,"skipped":0,"pct":100},"statements":{"total":17,"covered":17,"skipped":0,"pct":100},"branches":{"total":0,"covered":0,"skipped":0,"pct":100}}
,"/home/erik/Workspace/teszt-beadando-excalidraw/packages/common/src/keys.ts": {"lines":{"total":151,"covered":151,"skipped":0,"pct":100},"functions":{"total":6,"covered":6,"skipped":0,"pct":100},"statements":{"total":151,"covered":151,"skipped":0,"pct":100},"branches":{"total":13,"covered":12,"skipped":0,"pct":92.3}}
,"/home/erik/Workspace/teszt-beadando-excalidraw/packages/common/src/points.ts": {"lines":{"total":80,"covered":77,"skipped":0,"pct":96.25},"functions":{"total":3,"covered":3,"skipped":0,"pct":100},"statements":{"total":80,"covered":77,"skipped":0,"pct":96.25},"branches":{"total":21,"covered":20,"skipped":0,"pct":95.23}}
,"/home/erik/Workspace/teszt-beadando-excalidraw/packages/common/src/promise-pool.ts": {"lines":{"total":50,"covered":50,"skipped":0,"pct":100},"functions":{"total":4,"covered":4,"skipped":0,"pct":100},"statements":{"total":50,"covered":50,"skipped":0,"pct":100},"branches":{"total":7,"covered":7,"skipped":0,"pct":100}}
,"/home/erik/Workspace/teszt-beadando-excalidraw/packages/common/src/queue.ts": {"lines":{"total":48,"covered":48,"skipped":0,"pct":100},"functions":{"total":3,"covered":3,"skipped":0,"pct":100},"statements":{"total":48,"covered":48,"skipped":0,"pct":100},"branches":{"total":9,"covered":9,"skipped":0,"pct":100}}
,"/home/erik/Workspace/teszt-beadando-excalidraw/packages/common/src/random.ts": {"lines":{"total":16,"covered":16,"skipped":0,"pct":100},"functions":{"total":3,"covered":3,"skipped":0,"pct":100},"statements":{"total":16,"covered":16,"skipped":0,"pct":100},"branches":{"total":4,"covered":3,"skipped":0,"pct":75}}
,"/home/erik/Workspace/teszt-beadando-excalidraw/packages/common/src/url.ts": {"lines":{"total":37,"covered":30,"skipped":0,"pct":81.08},"functions":{"total":3,"covered":3,"skipped":0,"pct":100},"statements":{"total":37,"covered":30,"skipped":0,"pct":81.08},"branches":{"total":9,"covered":6,"skipped":0,"pct":66.66}}
,"/home/erik/Workspace/teszt-beadando-excalidraw/packages/common/src/utility-types.ts": {"lines":{"total":79,"covered":0,"skipped":0,"pct":0},"functions":{"total":1,"covered":0,"skipped":0,"pct":0},"statements":{"total":79,"covered":0,"skipped":0,"pct":0},"branches":{"total":1,"covered":0,"skipped":0,"pct":0}}
,"/home/erik/Workspace/teszt-beadando-excalidraw/packages/common/src/utils.ts": {"lines":{"total":1331,"covered":1268,"skipped":0,"pct":95.26},"functions":{"total":95,"covered":95,"skipped":0,"pct":100},"statements":{"total":1331,"covered":1268,"skipped":0,"pct":95.26},"branches":{"total":273,"covered":249,"skipped":0,"pct":91.2}}
,"/home/erik/Workspace/teszt-beadando-excalidraw/packages/common/src/versionedSnapshotStore.ts": {"lines":{"total":70,"covered":70,"skipped":0,"pct":100},"functions":{"total":7,"covered":7,"skipped":0,"pct":100},"statements":{"total":70,"covered":70,"skipped":0,"pct":100},"branches":{"total":17,"covered":17,"skipped":0,"pct":100}}
,"/home/erik/Workspace/teszt-beadando-excalidraw/packages/element/global.d.ts": {"lines":{"total":3,"covered":0,"skipped":0,"pct":0},"functions":{"total":1,"covered":0,"skipped":0,"pct":0},"statements":{"total":3,"covered":0,"skipped":0,"pct":0},"branches":{"total":1,"covered":0,"skipped":0,"pct":0}}
,"/home/erik/Workspace/teszt-beadando-excalidraw/packages/element/src/Scene.ts": {"lines":{"total":446,"covered":406,"skipped":0,"pct":91.03},"functions":{"total":26,"covered":23,"skipped":0,"pct":88.46},"statements":{"total":446,"covered":406,"skipped":0,"pct":91.03},"branches":{"total":62,"covered":54,"skipped":0,"pct":87.09}}
,"/home/erik/Workspace/teszt-beadando-excalidraw/packages/element/src/align.ts": {"lines":{"total":80,"covered":80,"skipped":0,"pct":100},"functions":{"total":2,"covered":2,"skipped":0,"pct":100},"statements":{"total":80,"covered":80,"skipped":0,"pct":100},"branches":{"total":10,"covered":10,"skipped":0,"pct":100}}
,"/home/erik/Workspace/teszt-beadando-excalidraw/packages/element/src/arrowheads.ts": {"lines":{"total":32,"covered":30,"skipped":0,"pct":93.75},"functions":{"total":2,"covered":2,"skipped":0,"pct":100},"statements":{"total":32,"covered":30,"skipped":0,"pct":93.75},"branches":{"total":12,"covered":9,"skipped":0,"pct":75}}
,"/home/erik/Workspace/teszt-beadando-excalidraw/packages/element/src/binding.ts": {"lines":{"total":2942,"covered":1784,"skipped":0,"pct":60.63},"functions":{"total":51,"covered":40,"skipped":0,"pct":78.43},"statements":{"total":2942,"covered":1784,"skipped":0,"pct":60.63},"branches":{"total":391,"covered":348,"skipped":0,"pct":89}}
,"/home/erik/Workspace/teszt-beadando-excalidraw/packages/element/src/bounds.ts": {"lines":{"total":1314,"covered":1144,"skipped":0,"pct":87.06},"functions":{"total":40,"covered":37,"skipped":0,"pct":92.5},"statements":{"total":1314,"covered":1144,"skipped":0,"pct":87.06},"branches":{"total":209,"covered":183,"skipped":0,"pct":87.55}}
,"/home/erik/Workspace/teszt-beadando-excalidraw/packages/element/src/collision.ts": {"lines":{"total":849,"covered":708,"skipped":0,"pct":83.39},"functions":{"total":20,"covered":18,"skipped":0,"pct":90},"statements":{"total":849,"covered":708,"skipped":0,"pct":83.39},"branches":{"total":128,"covered":117,"skipped":0,"pct":91.4}}
,"/home/erik/Workspace/teszt-beadando-excalidraw/packages/element/src/comparisons.ts": {"lines":{"total":51,"covered":51,"skipped":0,"pct":100},"functions":{"total":7,"covered":7,"skipped":0,"pct":100},"statements":{"total":51,"covered":51,"skipped":0,"pct":100},"branches":{"total":38,"covered":38,"skipped":0,"pct":100}}
,"/home/erik/Workspace/teszt-beadando-excalidraw/packages/element/src/containerCache.ts": {"lines":{"total":33,"covered":33,"skipped":0,"pct":100},"functions":{"total":3,"covered":3,"skipped":0,"pct":100},"statements":{"total":33,"covered":33,"skipped":0,"pct":100},"branches":{"total":7,"covered":7,"skipped":0,"pct":100}}
,"/home/erik/Workspace/teszt-beadando-excalidraw/packages/element/src/cropElement.ts": {"lines":{"total":629,"covered":379,"skipped":0,"pct":60.25},"functions":{"total":8,"covered":5,"skipped":0,"pct":62.5},"statements":{"total":629,"covered":379,"skipped":0,"pct":60.25},"branches":{"total":57,"covered":38,"skipped":0,"pct":66.66}}
,"/home/erik/Workspace/teszt-beadando-excalidraw/packages/element/src/delta.ts": {"lines":{"total":2066,"covered":1938,"skipped":0,"pct":93.8},"functions":{"total":74,"covered":74,"skipped":0,"pct":100},"statements":{"total":2066,"covered":1938,"skipped":0,"pct":93.8},"branches":{"total":378,"covered":333,"skipped":0,"pct":88.09}}
,"/home/erik/Workspace/teszt-beadando-excalidraw/packages/element/src/distance.ts": {"lines":{"total":147,"covered":147,"skipped":0,"pct":100},"functions":{"total":5,"covered":5,"skipped":0,"pct":100},"statements":{"total":147,"covered":147,"skipped":0,"pct":100},"branches":{"total":26,"covered":25,"skipped":0,"pct":96.15}}
,"/home/erik/Workspace/teszt-beadando-excalidraw/packages/element/src/distribute.ts": {"lines":{"total":111,"covered":111,"skipped":0,"pct":100},"functions":{"total":1,"covered":1,"skipped":0,"pct":100},"statements":{"total":111,"covered":111,"skipped":0,"pct":100},"branches":{"total":15,"covered":15,"skipped":0,"pct":100}}
,"/home/erik/Workspace/teszt-beadando-excalidraw/packages/element/src/dragElements.ts": {"lines":{"total":353,"covered":265,"skipped":0,"pct":75.07},"functions":{"total":5,"covered":5,"skipped":0,"pct":100},"statements":{"total":353,"covered":265,"skipped":0,"pct":75.07},"branches":{"total":47,"covered":32,"skipped":0,"pct":68.08}}
,"/home/erik/Workspace/teszt-beadando-excalidraw/packages/element/src/duplicate.ts": {"lines":{"total":507,"covered":481,"skipped":0,"pct":94.87},"functions":{"total":7,"covered":7,"skipped":0,"pct":100},"statements":{"total":507,"covered":481,"skipped":0,"pct":94.87},"branches":{"total":88,"covered":81,"skipped":0,"pct":92.04}}
,"/home/erik/Workspace/teszt-beadando-excalidraw/packages/element/src/elbowArrow.ts": {"lines":{"total":2309,"covered":1610,"skipped":0,"pct":69.72},"functions":{"total":29,"covered":27,"skipped":0,"pct":93.1},"statements":{"total":2309,"covered":1610,"skipped":0,"pct":69.72},"branches":{"total":489,"covered":416,"skipped":0,"pct":85.07}}
,"/home/erik/Workspace/teszt-beadando-excalidraw/packages/element/src/elementLink.ts": {"lines":{"total":104,"covered":43,"skipped":0,"pct":41.34},"functions":{"total":5,"covered":2,"skipped":0,"pct":40},"statements":{"total":104,"covered":43,"skipped":0,"pct":41.34},"branches":{"total":9,"covered":7,"skipped":0,"pct":77.77}}
,"/home/erik/Workspace/teszt-beadando-excalidraw/packages/element/src/embeddable.ts": {"lines":{"total":535,"covered":296,"skipped":0,"pct":55.32},"functions":{"total":11,"covered":6,"skipped":0,"pct":54.54},"statements":{"total":535,"covered":296,"skipped":0,"pct":55.32},"branches":{"total":72,"covered":49,"skipped":0,"pct":68.05}}
,"/home/erik/Workspace/teszt-beadando-excalidraw/packages/element/src/flowchart.ts": {"lines":{"total":725,"covered":665,"skipped":0,"pct":91.72},"functions":{"total":15,"covered":15,"skipped":0,"pct":100},"statements":{"total":725,"covered":665,"skipped":0,"pct":91.72},"branches":{"total":103,"covered":92,"skipped":0,"pct":89.32}}
,"/home/erik/Workspace/teszt-beadando-excalidraw/packages/element/src/fractionalIndex.ts": {"lines":{"total":456,"covered":423,"skipped":0,"pct":92.76},"functions":{"total":14,"covered":14,"skipped":0,"pct":100},"statements":{"total":456,"covered":423,"skipped":0,"pct":92.76},"branches":{"total":108,"covered":103,"skipped":0,"pct":95.37}}
,"/home/erik/Workspace/teszt-beadando-excalidraw/packages/element/src/frame.ts": {"lines":{"total":1007,"covered":761,"skipped":0,"pct":75.57},"functions":{"total":35,"covered":28,"skipped":0,"pct":80},"statements":{"total":1007,"covered":761,"skipped":0,"pct":75.57},"branches":{"total":170,"covered":151,"skipped":0,"pct":88.82}}
,"/home/erik/Workspace/teszt-beadando-excalidraw/packages/element/src/groups.ts": {"lines":{"total":481,"covered":434,"skipped":0,"pct":90.22},"functions":{"total":23,"covered":22,"skipped":0,"pct":95.65},"statements":{"total":481,"covered":434,"skipped":0,"pct":90.22},"branches":{"total":91,"covered":85,"skipped":0,"pct":93.4}}
,"/home/erik/Workspace/teszt-beadando-excalidraw/packages/element/src/heading.ts": {"lines":{"total":287,"covered":128,"skipped":0,"pct":44.59},"functions":{"total":9,"covered":7,"skipped":0,"pct":77.77},"statements":{"total":287,"covered":128,"skipped":0,"pct":44.59},"branches":{"total":31,"covered":30,"skipped":0,"pct":96.77}}
,"/home/erik/Workspace/teszt-beadando-excalidraw/packages/element/src/image.ts": {"lines":{"total":153,"covered":93,"skipped":0,"pct":60.78},"functions":{"total":7,"covered":4,"skipped":0,"pct":57.14},"statements":{"total":153,"covered":93,"skipped":0,"pct":60.78},"branches":{"total":11,"covered":8,"skipped":0,"pct":72.72}}
,"/home/erik/Workspace/teszt-beadando-excalidraw/packages/element/src/index.ts": {"lines":{"total":102,"covered":102,"skipped":0,"pct":100},"functions":{"total":6,"covered":6,"skipped":0,"pct":100},"statements":{"total":102,"covered":102,"skipped":0,"pct":100},"branches":{"total":11,"covered":11,"skipped":0,"pct":100}}
,"/home/erik/Workspace/teszt-beadando-excalidraw/packages/element/src/linearElementEditor.ts": {"lines":{"total":2507,"covered":1954,"skipped":0,"pct":77.94},"functions":{"total":39,"covered":35,"skipped":0,"pct":89.74},"statements":{"total":2507,"covered":1954,"skipped":0,"pct":77.94},"branches":{"total":388,"covered":318,"skipped":0,"pct":81.95}}
,"/home/erik/Workspace/teszt-beadando-excalidraw/packages/element/src/mutateElement.ts": {"lines":{"total":193,"covered":193,"skipped":0,"pct":100},"functions":{"total":3,"covered":3,"skipped":0,"pct":100},"statements":{"total":193,"covered":193,"skipped":0,"pct":100},"branches":{"total":55,"covered":55,"skipped":0,"pct":100}}
,"/home/erik/Workspace/teszt-beadando-excalidraw/packages/element/src/newElement.ts": {"lines":{"total":546,"covered":515,"skipped":0,"pct":94.32},"functions":{"total":15,"covered":14,"skipped":0,"pct":93.33},"statements":{"total":546,"covered":515,"skipped":0,"pct":94.32},"branches":{"total":75,"covered":68,"skipped":0,"pct":90.66}}
,"/home/erik/Workspace/teszt-beadando-excalidraw/packages/element/src/positionElementsOnGrid.ts": {"lines":{"total":112,"covered":109,"skipped":0,"pct":97.32},"functions":{"total":1,"covered":1,"skipped":0,"pct":100},"statements":{"total":112,"covered":109,"skipped":0,"pct":97.32},"branches":{"total":12,"covered":10,"skipped":0,"pct":83.33}}
,"/home/erik/Workspace/teszt-beadando-excalidraw/packages/element/src/renderElement.ts": {"lines":{"total":1128,"covered":855,"skipped":0,"pct":75.79},"functions":{"total":12,"covered":11,"skipped":0,"pct":91.66},"statements":{"total":1128,"covered":855,"skipped":0,"pct":75.79},"branches":{"total":159,"covered":118,"skipped":0,"pct":74.21}}
,"/home/erik/Workspace/teszt-beadando-excalidraw/packages/element/src/resizeElements.ts": {"lines":{"total":1500,"covered":1383,"skipped":0,"pct":92.2},"functions":{"total":14,"covered":13,"skipped":0,"pct":92.85},"statements":{"total":1500,"covered":1383,"skipped":0,"pct":92.2},"branches":{"total":245,"covered":200,"skipped":0,"pct":81.63}}
,"/home/erik/Workspace/teszt-beadando-excalidraw/packages/element/src/resizeTest.ts": {"lines":{"total":294,"covered":288,"skipped":0,"pct":97.95},"functions":{"total":7,"covered":7,"skipped":0,"pct":100},"statements":{"total":294,"covered":288,"skipped":0,"pct":97.95},"branches":{"total":55,"covered":50,"skipped":0,"pct":90.9}}
,"/home/erik/Workspace/teszt-beadando-excalidraw/packages/element/src/selection.ts": {"lines":{"total":530,"covered":492,"skipped":0,"pct":92.83},"functions":{"total":13,"covered":12,"skipped":0,"pct":92.3},"statements":{"total":530,"covered":492,"skipped":0,"pct":92.83},"branches":{"total":100,"covered":90,"skipped":0,"pct":90}}
,"/home/erik/Workspace/teszt-beadando-excalidraw/packages/element/src/shape.ts": {"lines":{"total":1234,"covered":970,"skipped":0,"pct":78.6},"functions":{"total":25,"covered":22,"skipped":0,"pct":88},"statements":{"total":1234,"covered":970,"skipped":0,"pct":78.6},"branches":{"total":203,"covered":166,"skipped":0,"pct":81.77}}
,"/home/erik/Workspace/teszt-beadando-excalidraw/packages/element/src/showSelectedShapeActions.ts": {"lines":{"total":22,"covered":22,"skipped":0,"pct":100},"functions":{"total":1,"covered":1,"skipped":0,"pct":100},"statements":{"total":22,"covered":22,"skipped":0,"pct":100},"branches":{"total":11,"covered":11,"skipped":0,"pct":100}}
,"/home/erik/Workspace/teszt-beadando-excalidraw/packages/element/src/sizeHelpers.ts": {"lines":{"total":253,"covered":175,"skipped":0,"pct":69.16},"functions":{"total":6,"covered":5,"skipped":0,"pct":83.33},"statements":{"total":253,"covered":175,"skipped":0,"pct":69.16},"branches":{"total":33,"covered":25,"skipped":0,"pct":75.75}}
,"/home/erik/Workspace/teszt-beadando-excalidraw/packages/element/src/sortElements.ts": {"lines":{"total":119,"covered":111,"skipped":0,"pct":93.27},"functions":{"total":5,"covered":5,"skipped":0,"pct":100},"statements":{"total":119,"covered":111,"skipped":0,"pct":93.27},"branches":{"total":38,"covered":36,"skipped":0,"pct":94.73}}
,"/home/erik/Workspace/teszt-beadando-excalidraw/packages/element/src/store.ts": {"lines":{"total":1037,"covered":957,"skipped":0,"pct":92.28},"functions":{"total":52,"covered":45,"skipped":0,"pct":86.53},"statements":{"total":1037,"covered":957,"skipped":0,"pct":92.28},"branches":{"total":150,"covered":137,"skipped":0,"pct":91.33}}
,"/home/erik/Workspace/teszt-beadando-excalidraw/packages/element/src/textElement.ts": {"lines":{"total":532,"covered":506,"skipped":0,"pct":95.11},"functions":{"total":17,"covered":16,"skipped":0,"pct":94.11},"statements":{"total":532,"covered":506,"skipped":0,"pct":95.11},"branches":{"total":133,"covered":127,"skipped":0,"pct":95.48}}
,"/home/erik/Workspace/teszt-beadando-excalidraw/packages/element/src/textMeasurements.ts": {"lines":{"total":227,"covered":213,"skipped":0,"pct":93.83},"functions":{"total":21,"covered":18,"skipped":0,"pct":85.71},"statements":{"total":227,"covered":213,"skipped":0,"pct":93.83},"branches":{"total":33,"covered":32,"skipped":0,"pct":96.96}}
,"/home/erik/Workspace/teszt-beadando-excalidraw/packages/element/src/textWrapping.ts": {"lines":{"total":740,"covered":717,"skipped":0,"pct":96.89},"functions":{"total":43,"covered":40,"skipped":0,"pct":93.02},"statements":{"total":740,"covered":717,"skipped":0,"pct":96.89},"branches":{"total":85,"covered":81,"skipped":0,"pct":95.29}}
,"/home/erik/Workspace/teszt-beadando-excalidraw/packages/element/src/transform.ts": {"lines":{"total":809,"covered":740,"skipped":0,"pct":91.47},"functions":{"total":8,"covered":8,"skipped":0,"pct":100},"statements":{"total":809,"covered":740,"skipped":0,"pct":91.47},"branches":{"total":128,"covered":105,"skipped":0,"pct":82.03}}
,"/home/erik/Workspace/teszt-beadando-excalidraw/packages/element/src/transformHandles.ts": {"lines":{"total":354,"covered":347,"skipped":0,"pct":98.02},"functions":{"total":6,"covered":6,"skipped":0,"pct":100},"statements":{"total":354,"covered":347,"skipped":0,"pct":98.02},"branches":{"total":66,"covered":62,"skipped":0,"pct":93.93}}
,"/home/erik/Workspace/teszt-beadando-excalidraw/packages/element/src/typeChecks.ts": {"lines":{"total":414,"covered":335,"skipped":0,"pct":80.91},"functions":{"total":38,"covered":31,"skipped":0,"pct":81.57},"statements":{"total":414,"covered":335,"skipped":0,"pct":80.91},"branches":{"total":113,"covered":100,"skipped":0,"pct":88.49}}
,"/home/erik/Workspace/teszt-beadando-excalidraw/packages/element/src/types.ts": {"lines":{"total":448,"covered":0,"skipped":0,"pct":0},"functions":{"total":1,"covered":0,"skipped":0,"pct":0},"statements":{"total":448,"covered":0,"skipped":0,"pct":0},"branches":{"total":1,"covered":0,"skipped":0,"pct":0}}
,"/home/erik/Workspace/teszt-beadando-excalidraw/packages/element/src/utils.ts": {"lines":{"total":744,"covered":733,"skipped":0,"pct":98.52},"functions":{"total":12,"covered":12,"skipped":0,"pct":100},"statements":{"total":744,"covered":733,"skipped":0,"pct":98.52},"branches":{"total":113,"covered":110,"skipped":0,"pct":97.34}}
,"/home/erik/Workspace/teszt-beadando-excalidraw/packages/element/src/visualdebug.ts": {"lines":{"total":257,"covered":0,"skipped":0,"pct":0},"functions":{"total":1,"covered":0,"skipped":0,"pct":0},"statements":{"total":257,"covered":0,"skipped":0,"pct":0},"branches":{"total":1,"covered":0,"skipped":0,"pct":0}}
,"/home/erik/Workspace/teszt-beadando-excalidraw/packages/element/src/zindex.ts": {"lines":{"total":604,"covered":553,"skipped":0,"pct":91.55},"functions":{"total":16,"covered":16,"skipped":0,"pct":100},"statements":{"total":604,"covered":553,"skipped":0,"pct":91.55},"branches":{"total":141,"covered":124,"skipped":0,"pct":87.94}}
,"/home/erik/Workspace/teszt-beadando-excalidraw/packages/element/src/arrows/focus.ts": {"lines":{"total":558,"covered":246,"skipped":0,"pct":44.08},"functions":{"total":6,"covered":3,"skipped":0,"pct":50},"statements":{"total":558,"covered":246,"skipped":0,"pct":44.08},"branches":{"total":33,"covered":26,"skipped":0,"pct":78.78}}
,"/home/erik/Workspace/teszt-beadando-excalidraw/packages/element/src/arrows/helpers.ts": {"lines":{"total":45,"covered":25,"skipped":0,"pct":55.55},"functions":{"total":1,"covered":1,"skipped":0,"pct":100},"statements":{"total":45,"covered":25,"skipped":0,"pct":55.55},"branches":{"total":7,"covered":5,"skipped":0,"pct":71.42}}
,"/home/erik/Workspace/teszt-beadando-excalidraw/packages/excalidraw/analytics.ts": {"lines":{"total":46,"covered":23,"skipped":0,"pct":50},"functions":{"total":1,"covered":1,"skipped":0,"pct":100},"statements":{"total":46,"covered":23,"skipped":0,"pct":50},"branches":{"total":3,"covered":1,"skipped":0,"pct":33.33}}
,"/home/erik/Workspace/teszt-beadando-excalidraw/packages/excalidraw/animated-trail.ts": {"lines":{"total":198,"covered":183,"skipped":0,"pct":92.42},"functions":{"total":14,"covered":13,"skipped":0,"pct":92.85},"statements":{"total":198,"covered":183,"skipped":0,"pct":92.42},"branches":{"total":31,"covered":26,"skipped":0,"pct":83.87}}
,"/home/erik/Workspace/teszt-beadando-excalidraw/packages/excalidraw/animation-frame-handler.ts": {"lines":{"total":79,"covered":75,"skipped":0,"pct":94.93},"functions":{"total":8,"covered":8,"skipped":0,"pct":100},"statements":{"total":79,"covered":75,"skipped":0,"pct":94.93},"branches":{"total":18,"covered":16,"skipped":0,"pct":88.88}}
,"/home/erik/Workspace/teszt-beadando-excalidraw/packages/excalidraw/appState.ts": {"lines":{"total":307,"covered":302,"skipped":0,"pct":98.37},"functions":{"total":7,"covered":5,"skipped":0,"pct":71.42},"statements":{"total":307,"covered":302,"skipped":0,"pct":98.37},"branches":{"total":11,"covered":9,"skipped":0,"pct":81.81}}
,"/home/erik/Workspace/teszt-beadando-excalidraw/packages/excalidraw/clients.ts": {"lines":{"total":261,"covered":47,"skipped":0,"pct":18},"functions":{"total":4,"covered":2,"skipped":0,"pct":50},"statements":{"total":261,"covered":47,"skipped":0,"pct":18},"branches":{"total":7,"covered":6,"skipped":0,"pct":85.71}}
,"/home/erik/Workspace/teszt-beadando-excalidraw/packages/excalidraw/clipboard.ts": {"lines":{"total":690,"covered":425,"skipped":0,"pct":61.59},"functions":{"total":19,"covered":13,"skipped":0,"pct":68.42},"statements":{"total":690,"covered":425,"skipped":0,"pct":61.59},"branches":{"total":87,"covered":67,"skipped":0,"pct":77.01}}
,"/home/erik/Workspace/teszt-beadando-excalidraw/packages/excalidraw/css.d.ts": {"lines":{"total":10,"covered":0,"skipped":0,"pct":0},"functions":{"total":1,"covered":0,"skipped":0,"pct":0},"statements":{"total":10,"covered":0,"skipped":0,"pct":0},"branches":{"total":1,"covered":0,"skipped":0,"pct":0}}
,"/home/erik/Workspace/teszt-beadando-excalidraw/packages/excalidraw/cursor.ts": {"lines":{"total":106,"covered":60,"skipped":0,"pct":56.6},"functions":{"total":4,"covered":3,"skipped":0,"pct":75},"statements":{"total":106,"covered":60,"skipped":0,"pct":56.6},"branches":{"total":15,"covered":11,"skipped":0,"pct":73.33}}
,"/home/erik/Workspace/teszt-beadando-excalidraw/packages/excalidraw/deburr.ts": {"lines":{"total":93,"covered":92,"skipped":0,"pct":98.92},"functions":{"total":1,"covered":1,"skipped":0,"pct":100},"statements":{"total":93,"covered":92,"skipped":0,"pct":98.92},"branches":{"total":1,"covered":1,"skipped":0,"pct":100}}
,"/home/erik/Workspace/teszt-beadando-excalidraw/packages/excalidraw/editor-jotai.ts": {"lines":{"total":18,"covered":18,"skipped":0,"pct":100},"functions":{"total":0,"covered":0,"skipped":0,"pct":100},"statements":{"total":18,"covered":18,"skipped":0,"pct":100},"branches":{"total":0,"covered":0,"skipped":0,"pct":100}}
,"/home/erik/Workspace/teszt-beadando-excalidraw/packages/excalidraw/errors.ts": {"lines":{"total":90,"covered":53,"skipped":0,"pct":58.88},"functions":{"total":9,"covered":3,"skipped":0,"pct":33.33},"statements":{"total":90,"covered":53,"skipped":0,"pct":58.88},"branches":{"total":3,"covered":3,"skipped":0,"pct":100}}
,"/home/erik/Workspace/teszt-beadando-excalidraw/packages/excalidraw/gesture.ts": {"lines":{"total":15,"covered":15,"skipped":0,"pct":100},"functions":{"total":3,"covered":3,"skipped":0,"pct":100},"statements":{"total":15,"covered":15,"skipped":0,"pct":100},"branches":{"total":6,"covered":6,"skipped":0,"pct":100}}
,"/home/erik/Workspace/teszt-beadando-excalidraw/packages/excalidraw/global.d.ts": {"lines":{"total":113,"covered":113,"skipped":0,"pct":100},"functions":{"total":0,"covered":0,"skipped":0,"pct":100},"statements":{"total":113,"covered":113,"skipped":0,"pct":100},"branches":{"total":0,"covered":0,"skipped":0,"pct":100}}
,"/home/erik/Workspace/teszt-beadando-excalidraw/packages/excalidraw/history.ts": {"lines":{"total":249,"covered":242,"skipped":0,"pct":97.18},"functions":{"total":16,"covered":15,"skipped":0,"pct":93.75},"statements":{"total":249,"covered":242,"skipped":0,"pct":97.18},"branches":{"total":39,"covered":38,"skipped":0,"pct":97.43}}
,"/home/erik/Workspace/teszt-beadando-excalidraw/packages/excalidraw/i18n.ts": {"lines":{"total":172,"covered":143,"skipped":0,"pct":83.13},"functions":{"total":63,"covered":7,"skipped":0,"pct":11.11},"statements":{"total":172,"covered":143,"skipped":0,"pct":83.13},"branches":{"total":27,"covered":19,"skipped":0,"pct":70.37}}
,"/home/erik/Workspace/teszt-beadando-excalidraw/packages/excalidraw/index-node.ts": {"lines":{"total":84,"covered":0,"skipped":0,"pct":0},"functions":{"total":1,"covered":0,"skipped":0,"pct":0},"statements":{"total":84,"covered":0,"skipped":0,"pct":0},"branches":{"total":1,"covered":0,"skipped":0,"pct":0}}
,"/home/erik/Workspace/teszt-beadando-excalidraw/packages/excalidraw/index.tsx": {"lines":{"total":427,"covered":362,"skipped":0,"pct":84.77},"functions":{"total":6,"covered":4,"skipped":0,"pct":66.66},"statements":{"total":427,"covered":362,"skipped":0,"pct":84.77},"branches":{"total":19,"covered":17,"skipped":0,"pct":89.47}}
,"/home/erik/Workspace/teszt-beadando-excalidraw/packages/excalidraw/laser-trails.ts": {"lines":{"total":130,"covered":85,"skipped":0,"pct":65.38},"functions":{"total":13,"covered":12,"skipped":0,"pct":92.3},"statements":{"total":130,"covered":85,"skipped":0,"pct":65.38},"branches":{"total":13,"covered":12,"skipped":0,"pct":92.3}}
,"/home/erik/Workspace/teszt-beadando-excalidraw/packages/excalidraw/mermaid.ts": {"lines":{"total":33,"covered":33,"skipped":0,"pct":100},"functions":{"total":1,"covered":1,"skipped":0,"pct":100},"statements":{"total":33,"covered":33,"skipped":0,"pct":100},"branches":{"total":2,"covered":2,"skipped":0,"pct":100}}
,"/home/erik/Workspace/teszt-beadando-excalidraw/packages/excalidraw/polyfill.ts": {"lines":{"total":121,"covered":16,"skipped":0,"pct":13.22},"functions":{"total":8,"covered":1,"skipped":0,"pct":12.5},"statements":{"total":121,"covered":16,"skipped":0,"pct":13.22},"branches":{"total":8,"covered":1,"skipped":0,"pct":12.5}}
,"/home/erik/Workspace/teszt-beadando-excalidraw/packages/excalidraw/pwacompat.d.ts": {"lines":{"total":1,"covered":0,"skipped":0,"pct":0},"functions":{"total":1,"covered":0,"skipped":0,"pct":0},"statements":{"total":1,"covered":0,"skipped":0,"pct":0},"branches":{"total":1,"covered":0,"skipped":0,"pct":0}}
,"/home/erik/Workspace/teszt-beadando-excalidraw/packages/excalidraw/react-app-env.d.ts": {"lines":{"total":1,"covered":0,"skipped":0,"pct":0},"functions":{"total":1,"covered":0,"skipped":0,"pct":0},"statements":{"total":1,"covered":0,"skipped":0,"pct":0},"branches":{"total":1,"covered":0,"skipped":0,"pct":0}}
,"/home/erik/Workspace/teszt-beadando-excalidraw/packages/excalidraw/reactUtils.ts": {"lines":{"total":62,"covered":52,"skipped":0,"pct":83.87},"functions":{"total":2,"covered":2,"skipped":0,"pct":100},"statements":{"total":62,"covered":52,"skipped":0,"pct":83.87},"branches":{"total":10,"covered":8,"skipped":0,"pct":80}}
,"/home/erik/Workspace/teszt-beadando-excalidraw/packages/excalidraw/shortcut.ts": {"lines":{"total":19,"covered":19,"skipped":0,"pct":100},"functions":{"total":1,"covered":1,"skipped":0,"pct":100},"statements":{"total":19,"covered":19,"skipped":0,"pct":100},"branches":{"total":3,"covered":1,"skipped":0,"pct":33.33}}
,"/home/erik/Workspace/teszt-beadando-excalidraw/packages/excalidraw/snapping.ts": {"lines":{"total":1414,"covered":416,"skipped":0,"pct":29.42},"functions":{"total":26,"covered":11,"skipped":0,"pct":42.3},"statements":{"total":1414,"covered":416,"skipped":0,"pct":29.42},"branches":{"total":43,"covered":18,"skipped":0,"pct":41.86}}
,"/home/erik/Workspace/teszt-beadando-excalidraw/packages/excalidraw/textAutoResizeHandle.ts": {"lines":{"total":88,"covered":87,"skipped":0,"pct":98.86},"functions":{"total":3,"covered":3,"skipped":0,"pct":100},"statements":{"total":88,"covered":87,"skipped":0,"pct":98.86},"branches":{"total":10,"covered":9,"skipped":0,"pct":90}}
,"/home/erik/Workspace/teszt-beadando-excalidraw/packages/excalidraw/types.ts": {"lines":{"total":1068,"covered":0,"skipped":0,"pct":0},"functions":{"total":1,"covered":0,"skipped":0,"pct":0},"statements":{"total":1068,"covered":0,"skipped":0,"pct":0},"branches":{"total":1,"covered":0,"skipped":0,"pct":0}}
,"/home/erik/Workspace/teszt-beadando-excalidraw/packages/excalidraw/vite-env.d.ts": {"lines":{"total":60,"covered":0,"skipped":0,"pct":0},"functions":{"total":1,"covered":0,"skipped":0,"pct":0},"statements":{"total":60,"covered":0,"skipped":0,"pct":0},"branches":{"total":1,"covered":0,"skipped":0,"pct":0}}
,"/home/erik/Workspace/teszt-beadando-excalidraw/packages/excalidraw/workers.ts": {"lines":{"total":154,"covered":12,"skipped":0,"pct":7.79},"functions":{"total":2,"covered":0,"skipped":0,"pct":0},"statements":{"total":154,"covered":12,"skipped":0,"pct":7.79},"branches":{"total":2,"covered":0,"skipped":0,"pct":0}}
,"/home/erik/Workspace/teszt-beadando-excalidraw/packages/excalidraw/actions/actionAddToLibrary.ts": {"lines":{"total":65,"covered":50,"skipped":0,"pct":76.92},"functions":{"total":1,"covered":1,"skipped":0,"pct":100},"statements":{"total":65,"covered":50,"skipped":0,"pct":76.92},"branches":{"total":6,"covered":5,"skipped":0,"pct":83.33}}
,"/home/erik/Workspace/teszt-beadando-excalidraw/packages/excalidraw/actions/actionAlign.tsx": {"lines":{"total":273,"covered":267,"skipped":0,"pct":97.8},"functions":{"total":30,"covered":18,"skipped":0,"pct":60},"statements":{"total":273,"covered":267,"skipped":0,"pct":97.8},"branches":{"total":30,"covered":29,"skipped":0,"pct":96.66}}
,"/home/erik/Workspace/teszt-beadando-excalidraw/packages/excalidraw/actions/actionBoundText.tsx": {"lines":{"total":339,"covered":329,"skipped":0,"pct":97.05},"functions":{"total":8,"covered":8,"skipped":0,"pct":100},"statements":{"total":339,"covered":329,"skipped":0,"pct":97.05},"branches":{"total":42,"covered":36,"skipped":0,"pct":85.71}}
,"/home/erik/Workspace/teszt-beadando-excalidraw/packages/excalidraw/actions/actionCanvas.tsx": {"lines":{"total":604,"covered":458,"skipped":0,"pct":75.82},"functions":{"total":38,"covered":23,"skipped":0,"pct":60.52},"statements":{"total":604,"covered":458,"skipped":0,"pct":75.82},"branches":{"total":61,"covered":45,"skipped":0,"pct":73.77}}
,"/home/erik/Workspace/teszt-beadando-excalidraw/packages/excalidraw/actions/actionClipboard.tsx": {"lines":{"total":285,"covered":87,"skipped":0,"pct":30.52},"functions":{"total":11,"covered":5,"skipped":0,"pct":45.45},"statements":{"total":285,"covered":87,"skipped":0,"pct":30.52},"branches":{"total":11,"covered":8,"skipped":0,"pct":72.72}}
,"/home/erik/Workspace/teszt-beadando-excalidraw/packages/excalidraw/actions/actionCropEditor.tsx": {"lines":{"total":59,"covered":43,"skipped":0,"pct":72.88},"functions":{"total":4,"covered":2,"skipped":0,"pct":50},"statements":{"total":59,"covered":43,"skipped":0,"pct":72.88},"branches":{"total":4,"covered":3,"skipped":0,"pct":75}}
,"/home/erik/Workspace/teszt-beadando-excalidraw/packages/excalidraw/actions/actionDeleteSelected.tsx": {"lines":{"total":329,"covered":270,"skipped":0,"pct":82.06},"functions":{"total":6,"covered":5,"skipped":0,"pct":83.33},"statements":{"total":329,"covered":270,"skipped":0,"pct":82.06},"branches":{"total":59,"covered":49,"skipped":0,"pct":83.05}}
,"/home/erik/Workspace/teszt-beadando-excalidraw/packages/excalidraw/actions/actionDeselect.ts": {"lines":{"total":147,"covered":130,"skipped":0,"pct":88.43},"functions":{"total":4,"covered":4,"skipped":0,"pct":100},"statements":{"total":147,"covered":130,"skipped":0,"pct":88.43},"branches":{"total":27,"covered":23,"skipped":0,"pct":85.18}}
,"/home/erik/Workspace/teszt-beadando-excalidraw/packages/excalidraw/actions/actionDistribute.tsx": {"lines":{"total":131,"covered":131,"skipped":0,"pct":100},"functions":{"total":10,"covered":8,"skipped":0,"pct":80},"statements":{"total":131,"covered":131,"skipped":0,"pct":100},"branches":{"total":16,"covered":15,"skipped":0,"pct":93.75}}
,"/home/erik/Workspace/teszt-beadando-excalidraw/packages/excalidraw/actions/actionDuplicateSelection.tsx": {"lines":{"total":135,"covered":109,"skipped":0,"pct":80.74},"functions":{"total":5,"covered":4,"skipped":0,"pct":80},"statements":{"total":135,"covered":109,"skipped":0,"pct":80.74},"branches":{"total":15,"covered":11,"skipped":0,"pct":73.33}}
,"/home/erik/Workspace/teszt-beadando-excalidraw/packages/excalidraw/actions/actionElementLink.ts": {"lines":{"total":113,"covered":33,"skipped":0,"pct":29.2},"functions":{"total":4,"covered":1,"skipped":0,"pct":25},"statements":{"total":113,"covered":33,"skipped":0,"pct":29.2},"branches":{"total":1,"covered":1,"skipped":0,"pct":100}}
,"/home/erik/Workspace/teszt-beadando-excalidraw/packages/excalidraw/actions/actionElementLock.ts": {"lines":{"total":214,"covered":191,"skipped":0,"pct":89.25},"functions":{"total":8,"covered":7,"skipped":0,"pct":87.5},"statements":{"total":214,"covered":191,"skipped":0,"pct":89.25},"branches":{"total":39,"covered":24,"skipped":0,"pct":61.53}}
,"/home/erik/Workspace/teszt-beadando-excalidraw/packages/excalidraw/actions/actionEmbeddable.ts": {"lines":{"total":35,"covered":15,"skipped":0,"pct":42.85},"functions":{"total":1,"covered":0,"skipped":0,"pct":0},"statements":{"total":35,"covered":15,"skipped":0,"pct":42.85},"branches":{"total":0,"covered":0,"skipped":0,"pct":100}}
,"/home/erik/Workspace/teszt-beadando-excalidraw/packages/excalidraw/actions/actionExport.tsx": {"lines":{"total":509,"covered":157,"skipped":0,"pct":30.84},"functions":{"total":22,"covered":6,"skipped":0,"pct":27.27},"statements":{"total":509,"covered":157,"skipped":0,"pct":30.84},"branches":{"total":15,"covered":9,"skipped":0,"pct":60}}
,"/home/erik/Workspace/teszt-beadando-excalidraw/packages/excalidraw/actions/actionFinalize.tsx": {"lines":{"total":366,"covered":314,"skipped":0,"pct":85.79},"functions":{"total":3,"covered":2,"skipped":0,"pct":66.66},"statements":{"total":366,"covered":314,"skipped":0,"pct":85.79},"branches":{"total":78,"covered":70,"skipped":0,"pct":89.74}}
,"/home/erik/Workspace/teszt-beadando-excalidraw/packages/excalidraw/actions/actionFlip.ts": {"lines":{"total":196,"covered":196,"skipped":0,"pct":100},"functions":{"total":7,"covered":7,"skipped":0,"pct":100},"statements":{"total":196,"covered":196,"skipped":0,"pct":100},"branches":{"total":23,"covered":22,"skipped":0,"pct":95.65}}
,"/home/erik/Workspace/teszt-beadando-excalidraw/packages/excalidraw/actions/actionFrame.ts": {"lines":{"total":218,"covered":94,"skipped":0,"pct":43.11},"functions":{"total":11,"covered":5,"skipped":0,"pct":45.45},"statements":{"total":218,"covered":94,"skipped":0,"pct":43.11},"branches":{"total":10,"covered":10,"skipped":0,"pct":100}}
,"/home/erik/Workspace/teszt-beadando-excalidraw/packages/excalidraw/actions/actionGroup.tsx": {"lines":{"total":320,"covered":274,"skipped":0,"pct":85.62},"functions":{"total":14,"covered":10,"skipped":0,"pct":71.42},"statements":{"total":320,"covered":274,"skipped":0,"pct":85.62},"branches":{"total":39,"covered":33,"skipped":0,"pct":84.61}}
,"/home/erik/Workspace/teszt-beadando-excalidraw/packages/excalidraw/actions/actionHistory.tsx": {"lines":{"total":143,"covered":140,"skipped":0,"pct":97.9},"functions":{"total":9,"covered":9,"skipped":0,"pct":100},"statements":{"total":143,"covered":140,"skipped":0,"pct":97.9},"branches":{"total":29,"covered":23,"skipped":0,"pct":79.31}}
,"/home/erik/Workspace/teszt-beadando-excalidraw/packages/excalidraw/actions/actionLinearEditor.tsx": {"lines":{"total":217,"covered":151,"skipped":0,"pct":69.58},"functions":{"total":10,"covered":5,"skipped":0,"pct":50},"statements":{"total":217,"covered":151,"skipped":0,"pct":69.58},"branches":{"total":20,"covered":15,"skipped":0,"pct":75}}
,"/home/erik/Workspace/teszt-beadando-excalidraw/packages/excalidraw/actions/actionLink.tsx": {"lines":{"total":59,"covered":45,"skipped":0,"pct":76.27},"functions":{"total":6,"covered":4,"skipped":0,"pct":66.66},"statements":{"total":59,"covered":45,"skipped":0,"pct":76.27},"branches":{"total":8,"covered":8,"skipped":0,"pct":100}}
,"/home/erik/Workspace/teszt-beadando-excalidraw/packages/excalidraw/actions/actionMenu.tsx": {"lines":{"total":35,"covered":17,"skipped":0,"pct":48.57},"functions":{"total":2,"covered":1,"skipped":0,"pct":50},"statements":{"total":35,"covered":17,"skipped":0,"pct":48.57},"branches":{"total":1,"covered":1,"skipped":0,"pct":100}}
,"/home/erik/Workspace/teszt-beadando-excalidraw/packages/excalidraw/actions/actionNavigate.tsx": {"lines":{"total":144,"covered":28,"skipped":0,"pct":19.44},"functions":{"total":2,"covered":0,"skipped":0,"pct":0},"statements":{"total":144,"covered":28,"skipped":0,"pct":19.44},"branches":{"total":0,"covered":0,"skipped":0,"pct":100}}
,"/home/erik/Workspace/teszt-beadando-excalidraw/packages/excalidraw/actions/actionProperties.tsx": {"lines":{"total":2043,"covered":1675,"skipped":0,"pct":81.98},"functions":{"total":71,"covered":62,"skipped":0,"pct":87.32},"statements":{"total":2043,"covered":1675,"skipped":0,"pct":81.98},"branches":{"total":277,"covered":221,"skipped":0,"pct":79.78}}
,"/home/erik/Workspace/teszt-beadando-excalidraw/packages/excalidraw/actions/actionSelectAll.ts": {"lines":{"total":63,"covered":60,"skipped":0,"pct":95.23},"functions":{"total":2,"covered":2,"skipped":0,"pct":100},"statements":{"total":63,"covered":60,"skipped":0,"pct":95.23},"branches":{"total":10,"covered":7,"skipped":0,"pct":70}}
,"/home/erik/Workspace/teszt-beadando-excalidraw/packages/excalidraw/actions/actionStyles.ts": {"lines":{"total":173,"covered":116,"skipped":0,"pct":67.05},"functions":{"total":4,"covered":4,"skipped":0,"pct":100},"statements":{"total":173,"covered":116,"skipped":0,"pct":67.05},"branches":{"total":22,"covered":12,"skipped":0,"pct":54.54}}
,"/home/erik/Workspace/teszt-beadando-excalidraw/packages/excalidraw/actions/actionTextAutoResize.ts": {"lines":{"total":59,"covered":30,"skipped":0,"pct":50.84},"functions":{"total":2,"covered":1,"skipped":0,"pct":50},"statements":{"total":59,"covered":30,"skipped":0,"pct":50.84},"branches":{"total":3,"covered":3,"skipped":0,"pct":100}}
,"/home/erik/Workspace/teszt-beadando-excalidraw/packages/excalidraw/actions/actionToggleArrowBinding.tsx": {"lines":{"total":26,"covered":26,"skipped":0,"pct":100},"functions":{"total":3,"covered":3,"skipped":0,"pct":100},"statements":{"total":26,"covered":26,"skipped":0,"pct":100},"branches":{"total":5,"covered":5,"skipped":0,"pct":100}}
,"/home/erik/Workspace/teszt-beadando-excalidraw/packages/excalidraw/actions/actionToggleGridMode.tsx": {"lines":{"total":36,"covered":36,"skipped":0,"pct":100},"functions":{"total":5,"covered":5,"skipped":0,"pct":100},"statements":{"total":36,"covered":36,"skipped":0,"pct":100},"branches":{"total":6,"covered":6,"skipped":0,"pct":100}}
,"/home/erik/Workspace/teszt-beadando-excalidraw/packages/excalidraw/actions/actionToggleMidpointSnapping.tsx": {"lines":{"total":23,"covered":15,"skipped":0,"pct":65.21},"functions":{"total":3,"covered":1,"skipped":0,"pct":33.33},"statements":{"total":23,"covered":15,"skipped":0,"pct":65.21},"branches":{"total":1,"covered":1,"skipped":0,"pct":100}}
,"/home/erik/Workspace/teszt-beadando-excalidraw/packages/excalidraw/actions/actionToggleObjectsSnapMode.tsx": {"lines":{"total":34,"covered":25,"skipped":0,"pct":73.52},"functions":{"total":5,"covered":3,"skipped":0,"pct":60},"statements":{"total":34,"covered":25,"skipped":0,"pct":73.52},"branches":{"total":5,"covered":5,"skipped":0,"pct":100}}
,"/home/erik/Workspace/teszt-beadando-excalidraw/packages/excalidraw/actions/actionToggleSearchMenu.ts": {"lines":{"total":60,"covered":46,"skipped":0,"pct":76.66},"functions":{"total":5,"covered":3,"skipped":0,"pct":60},"statements":{"total":60,"covered":46,"skipped":0,"pct":76.66},"branches":{"total":8,"covered":4,"skipped":0,"pct":50}}
,"/home/erik/Workspace/teszt-beadando-excalidraw/packages/excalidraw/actions/actionToggleShapeSwitch.tsx": {"lines":{"total":35,"covered":26,"skipped":0,"pct":74.28},"functions":{"total":4,"covered":0,"skipped":0,"pct":0},"statements":{"total":35,"covered":26,"skipped":0,"pct":74.28},"branches":{"total":0,"covered":0,"skipped":0,"pct":100}}
,"/home/erik/Workspace/teszt-beadando-excalidraw/packages/excalidraw/actions/actionToggleStats.tsx": {"lines":{"total":28,"covered":28,"skipped":0,"pct":100},"functions":{"total":3,"covered":3,"skipped":0,"pct":100},"statements":{"total":28,"covered":28,"skipped":0,"pct":100},"branches":{"total":5,"covered":5,"skipped":0,"pct":100}}
,"/home/erik/Workspace/teszt-beadando-excalidraw/packages/excalidraw/actions/actionToggleViewMode.tsx": {"lines":{"total":33,"covered":33,"skipped":0,"pct":100},"functions":{"total":5,"covered":5,"skipped":0,"pct":100},"statements":{"total":33,"covered":33,"skipped":0,"pct":100},"branches":{"total":7,"covered":7,"skipped":0,"pct":100}}
,"/home/erik/Workspace/teszt-beadando-excalidraw/packages/excalidraw/actions/actionToggleZenMode.tsx": {"lines":{"total":36,"covered":36,"skipped":0,"pct":100},"functions":{"total":5,"covered":5,"skipped":0,"pct":100},"statements":{"total":36,"covered":36,"skipped":0,"pct":100},"branches":{"total":7,"covered":7,"skipped":0,"pct":100}}
,"/home/erik/Workspace/teszt-beadando-excalidraw/packages/excalidraw/actions/actionZindex.tsx": {"lines":{"total":156,"covered":148,"skipped":0,"pct":94.87},"functions":{"total":16,"covered":12,"skipped":0,"pct":75},"statements":{"total":156,"covered":148,"skipped":0,"pct":94.87},"branches":{"total":24,"covered":20,"skipped":0,"pct":83.33}}
,"/home/erik/Workspace/teszt-beadando-excalidraw/packages/excalidraw/actions/index.ts": {"lines":{"total":94,"covered":94,"skipped":0,"pct":100},"functions":{"total":0,"covered":0,"skipped":0,"pct":100},"statements":{"total":94,"covered":94,"skipped":0,"pct":100},"branches":{"total":0,"covered":0,"skipped":0,"pct":100}}
,"/home/erik/Workspace/teszt-beadando-excalidraw/packages/excalidraw/actions/manager.tsx": {"lines":{"total":201,"covered":195,"skipped":0,"pct":97.01},"functions":{"total":11,"covered":11,"skipped":0,"pct":100},"statements":{"total":201,"covered":195,"skipped":0,"pct":97.01},"branches":{"total":44,"covered":40,"skipped":0,"pct":90.9}}
,"/home/erik/Workspace/teszt-beadando-excalidraw/packages/excalidraw/actions/register.ts": {"lines":{"total":15,"covered":15,"skipped":0,"pct":100},"functions":{"total":1,"covered":1,"skipped":0,"pct":100},"statements":{"total":15,"covered":15,"skipped":0,"pct":100},"branches":{"total":1,"covered":1,"skipped":0,"pct":100}}
,"/home/erik/Workspace/teszt-beadando-excalidraw/packages/excalidraw/actions/shortcuts.ts": {"lines":{"total":130,"covered":128,"skipped":0,"pct":98.46},"functions":{"total":1,"covered":1,"skipped":0,"pct":100},"statements":{"total":130,"covered":128,"skipped":0,"pct":98.46},"branches":{"total":7,"covered":4,"skipped":0,"pct":57.14}}
,"/home/erik/Workspace/teszt-beadando-excalidraw/packages/excalidraw/actions/types.ts": {"lines":{"total":219,"covered":0,"skipped":0,"pct":0},"functions":{"total":1,"covered":0,"skipped":0,"pct":0},"statements":{"total":219,"covered":0,"skipped":0,"pct":0},"branches":{"total":1,"covered":0,"skipped":0,"pct":0}}
,"/home/erik/Workspace/teszt-beadando-excalidraw/packages/excalidraw/charts/charts.bar.ts": {"lines":{"total":103,"covered":103,"skipped":0,"pct":100},"functions":{"total":1,"covered":1,"skipped":0,"pct":100},"statements":{"total":103,"covered":103,"skipped":0,"pct":100},"branches":{"total":17,"covered":16,"skipped":0,"pct":94.11}}
,"/home/erik/Workspace/teszt-beadando-excalidraw/packages/excalidraw/charts/charts.constants.ts": {"lines":{"total":63,"covered":63,"skipped":0,"pct":100},"functions":{"total":0,"covered":0,"skipped":0,"pct":100},"statements":{"total":63,"covered":63,"skipped":0,"pct":100},"branches":{"total":0,"covered":0,"skipped":0,"pct":100}}
,"/home/erik/Workspace/teszt-beadando-excalidraw/packages/excalidraw/charts/charts.helpers.ts": {"lines":{"total":865,"covered":828,"skipped":0,"pct":95.72},"functions":{"total":28,"covered":28,"skipped":0,"pct":100},"statements":{"total":865,"covered":828,"skipped":0,"pct":95.72},"branches":{"total":136,"covered":118,"skipped":0,"pct":86.76}}
,"/home/erik/Workspace/teszt-beadando-excalidraw/packages/excalidraw/charts/charts.line.ts": {"lines":{"total":130,"covered":130,"skipped":0,"pct":100},"functions":{"total":1,"covered":1,"skipped":0,"pct":100},"statements":{"total":130,"covered":130,"skipped":0,"pct":100},"branches":{"total":15,"covered":14,"skipped":0,"pct":93.33}}
,"/home/erik/Workspace/teszt-beadando-excalidraw/packages/excalidraw/charts/charts.parse.ts": {"lines":{"total":174,"covered":148,"skipped":0,"pct":85.05},"functions":{"total":5,"covered":5,"skipped":0,"pct":100},"statements":{"total":174,"covered":148,"skipped":0,"pct":85.05},"branches":{"total":74,"covered":59,"skipped":0,"pct":79.72}}
,"/home/erik/Workspace/teszt-beadando-excalidraw/packages/excalidraw/charts/charts.radar.ts": {"lines":{"total":199,"covered":167,"skipped":0,"pct":83.91},"functions":{"total":1,"covered":1,"skipped":0,"pct":100},"statements":{"total":199,"covered":167,"skipped":0,"pct":83.91},"branches":{"total":14,"covered":5,"skipped":0,"pct":35.71}}
,"/home/erik/Workspace/teszt-beadando-excalidraw/packages/excalidraw/charts/charts.types.ts": {"lines":{"total":18,"covered":0,"skipped":0,"pct":0},"functions":{"total":1,"covered":0,"skipped":0,"pct":0},"statements":{"total":18,"covered":0,"skipped":0,"pct":0},"branches":{"total":1,"covered":0,"skipped":0,"pct":0}}
,"/home/erik/Workspace/teszt-beadando-excalidraw/packages/excalidraw/charts/index.ts": {"lines":{"total":38,"covered":38,"skipped":0,"pct":100},"functions":{"total":1,"covered":1,"skipped":0,"pct":100},"statements":{"total":38,"covered":38,"skipped":0,"pct":100},"branches":{"total":5,"covered":5,"skipped":0,"pct":100}}
,"/home/erik/Workspace/teszt-beadando-excalidraw/packages/excalidraw/components/Actions.tsx": {"lines":{"total":1344,"covered":921,"skipped":0,"pct":68.52},"functions":{"total":40,"covered":14,"skipped":0,"pct":35},"statements":{"total":1344,"covered":921,"skipped":0,"pct":68.52},"branches":{"total":142,"covered":127,"skipped":0,"pct":89.43}}
,"/home/erik/Workspace/teszt-beadando-excalidraw/packages/excalidraw/components/ActiveConfirmDialog.tsx": {"lines":{"total":36,"covered":33,"skipped":0,"pct":91.66},"functions":{"total":3,"covered":2,"skipped":0,"pct":66.66},"statements":{"total":36,"covered":33,"skipped":0,"pct":91.66},"branches":{"total":6,"covered":5,"skipped":0,"pct":83.33}}
,"/home/erik/Workspace/teszt-beadando-excalidraw/packages/excalidraw/components/App.tsx": {"lines":{"total":13037,"covered":9565,"skipped":0,"pct":73.36},"functions":{"total":230,"covered":169,"skipped":0,"pct":73.47},"statements":{"total":13037,"covered":9565,"skipped":0,"pct":73.36},"branches":{"total":2051,"covered":1593,"skipped":0,"pct":77.66}}
,"/home/erik/Workspace/teszt-beadando-excalidraw/packages/excalidraw/components/AppStateObserver.ts": {"lines":{"total":208,"covered":162,"skipped":0,"pct":77.88},"functions":{"total":17,"covered":10,"skipped":0,"pct":58.82},"statements":{"total":208,"covered":162,"skipped":0,"pct":77.88},"branches":{"total":23,"covered":14,"skipped":0,"pct":60.86}}
,"/home/erik/Workspace/teszt-beadando-excalidraw/packages/excalidraw/components/Avatar.tsx": {"lines":{"total":42,"covered":16,"skipped":0,"pct":38.09},"functions":{"total":1,"covered":0,"skipped":0,"pct":0},"statements":{"total":42,"covered":16,"skipped":0,"pct":38.09},"branches":{"total":0,"covered":0,"skipped":0,"pct":100}}
,"/home/erik/Workspace/teszt-beadando-excalidraw/packages/excalidraw/components/BraveMeasureTextError.tsx": {"lines":{"total":43,"covered":43,"skipped":0,"pct":100},"functions":{"total":6,"covered":6,"skipped":0,"pct":100},"statements":{"total":43,"covered":43,"skipped":0,"pct":100},"branches":{"total":6,"covered":6,"skipped":0,"pct":100}}
,"/home/erik/Workspace/teszt-beadando-excalidraw/packages/excalidraw/components/Button.tsx": {"lines":{"total":46,"covered":46,"skipped":0,"pct":100},"functions":{"total":1,"covered":1,"skipped":0,"pct":100},"statements":{"total":46,"covered":46,"skipped":0,"pct":100},"branches":{"total":2,"covered":2,"skipped":0,"pct":100}}
,"/home/erik/Workspace/teszt-beadando-excalidraw/packages/excalidraw/components/ButtonIcon.tsx": {"lines":{"total":40,"covered":40,"skipped":0,"pct":100},"functions":{"total":0,"covered":0,"skipped":0,"pct":100},"statements":{"total":40,"covered":40,"skipped":0,"pct":100},"branches":{"total":1,"covered":1,"skipped":0,"pct":100}}
,"/home/erik/Workspace/teszt-beadando-excalidraw/packages/excalidraw/components/ButtonIconCycle.tsx": {"lines":{"total":30,"covered":0,"skipped":0,"pct":0},"functions":{"total":1,"covered":0,"skipped":0,"pct":0},"statements":{"total":30,"covered":0,"skipped":0,"pct":0},"branches":{"total":1,"covered":0,"skipped":0,"pct":0}}
,"/home/erik/Workspace/teszt-beadando-excalidraw/packages/excalidraw/components/ButtonSeparator.tsx": {"lines":{"total":10,"covered":10,"skipped":0,"pct":100},"functions":{"total":1,"covered":1,"skipped":0,"pct":100},"statements":{"total":10,"covered":10,"skipped":0,"pct":100},"branches":{"total":1,"covered":1,"skipped":0,"pct":100}}
,"/home/erik/Workspace/teszt-beadando-excalidraw/packages/excalidraw/components/Card.tsx": {"lines":{"total":38,"covered":25,"skipped":0,"pct":65.78},"functions":{"total":1,"covered":0,"skipped":0,"pct":0},"statements":{"total":38,"covered":25,"skipped":0,"pct":65.78},"branches":{"total":0,"covered":0,"skipped":0,"pct":100}}
,"/home/erik/Workspace/teszt-beadando-excalidraw/packages/excalidraw/components/CheckboxItem.tsx": {"lines":{"total":37,"covered":13,"skipped":0,"pct":35.13},"functions":{"total":1,"covered":0,"skipped":0,"pct":0},"statements":{"total":37,"covered":13,"skipped":0,"pct":35.13},"branches":{"total":0,"covered":0,"skipped":0,"pct":100}}
,"/home/erik/Workspace/teszt-beadando-excalidraw/packages/excalidraw/components/ConfirmDialog.tsx": {"lines":{"total":81,"covered":69,"skipped":0,"pct":85.18},"functions":{"total":3,"covered":2,"skipped":0,"pct":66.66},"statements":{"total":81,"covered":69,"skipped":0,"pct":85.18},"branches":{"total":3,"covered":3,"skipped":0,"pct":100}}
,"/home/erik/Workspace/teszt-beadando-excalidraw/packages/excalidraw/components/ContextMenu.tsx": {"lines":{"total":134,"covered":133,"skipped":0,"pct":99.25},"functions":{"total":3,"covered":2,"skipped":0,"pct":66.66},"statements":{"total":134,"covered":133,"skipped":0,"pct":99.25},"branches":{"total":19,"covered":18,"skipped":0,"pct":94.73}}
,"/home/erik/Workspace/teszt-beadando-excalidraw/packages/excalidraw/components/ConvertElementTypePopup.tsx": {"lines":{"total":937,"covered":195,"skipped":0,"pct":20.81},"functions":{"total":19,"covered":0,"skipped":0,"pct":0},"statements":{"total":937,"covered":195,"skipped":0,"pct":20.81},"branches":{"total":0,"covered":0,"skipped":0,"pct":100}}
,"/home/erik/Workspace/teszt-beadando-excalidraw/packages/excalidraw/components/DarkModeToggle.tsx": {"lines":{"total":55,"covered":32,"skipped":0,"pct":58.18},"functions":{"total":1,"covered":0,"skipped":0,"pct":0},"statements":{"total":55,"covered":32,"skipped":0,"pct":58.18},"branches":{"total":0,"covered":0,"skipped":0,"pct":100}}
,"/home/erik/Workspace/teszt-beadando-excalidraw/packages/excalidraw/components/DefaultSidebar.tsx": {"lines":{"total":127,"covered":120,"skipped":0,"pct":94.48},"functions":{"total":1,"covered":0,"skipped":0,"pct":0},"statements":{"total":127,"covered":120,"skipped":0,"pct":94.48},"branches":{"total":11,"covered":11,"skipped":0,"pct":100}}
,"/home/erik/Workspace/teszt-beadando-excalidraw/packages/excalidraw/components/Dialog.tsx": {"lines":{"total":137,"covered":103,"skipped":0,"pct":75.18},"functions":{"total":4,"covered":2,"skipped":0,"pct":50},"statements":{"total":137,"covered":103,"skipped":0,"pct":75.18},"branches":{"total":17,"covered":13,"skipped":0,"pct":76.47}}
,"/home/erik/Workspace/teszt-beadando-excalidraw/packages/excalidraw/components/DialogActionButton.tsx": {"lines":{"total":49,"covered":45,"skipped":0,"pct":91.83},"functions":{"total":1,"covered":1,"skipped":0,"pct":100},"statements":{"total":49,"covered":45,"skipped":0,"pct":91.83},"branches":{"total":6,"covered":3,"skipped":0,"pct":50}}
,"/home/erik/Workspace/teszt-beadando-excalidraw/packages/excalidraw/components/ElementCanvasButtons.tsx": {"lines":{"total":69,"covered":19,"skipped":0,"pct":27.53},"functions":{"total":2,"covered":0,"skipped":0,"pct":0},"statements":{"total":69,"covered":19,"skipped":0,"pct":27.53},"branches":{"total":0,"covered":0,"skipped":0,"pct":100}}
,"/home/erik/Workspace/teszt-beadando-excalidraw/packages/excalidraw/components/ElementLinkDialog.tsx": {"lines":{"total":180,"covered":27,"skipped":0,"pct":15},"functions":{"total":1,"covered":0,"skipped":0,"pct":0},"statements":{"total":180,"covered":27,"skipped":0,"pct":15},"branches":{"total":0,"covered":0,"skipped":0,"pct":100}}
,"/home/erik/Workspace/teszt-beadando-excalidraw/packages/excalidraw/components/Ellipsify.tsx": {"lines":{"total":18,"covered":18,"skipped":0,"pct":100},"functions":{"total":1,"covered":1,"skipped":0,"pct":100},"statements":{"total":18,"covered":18,"skipped":0,"pct":100},"branches":{"total":1,"covered":1,"skipped":0,"pct":100}}
,"/home/erik/Workspace/teszt-beadando-excalidraw/packages/excalidraw/components/ErrorDialog.tsx": {"lines":{"total":41,"covered":34,"skipped":0,"pct":82.92},"functions":{"total":1,"covered":1,"skipped":0,"pct":100},"statements":{"total":41,"covered":34,"skipped":0,"pct":82.92},"branches":{"total":1,"covered":1,"skipped":0,"pct":100}}
,"/home/erik/Workspace/teszt-beadando-excalidraw/packages/excalidraw/components/ExcalidrawLogo.tsx": {"lines":{"total":69,"covered":69,"skipped":0,"pct":100},"functions":{"total":3,"covered":3,"skipped":0,"pct":100},"statements":{"total":69,"covered":69,"skipped":0,"pct":100},"branches":{"total":3,"covered":3,"skipped":0,"pct":100}}
,"/home/erik/Workspace/teszt-beadando-excalidraw/packages/excalidraw/components/EyeDropper.tsx": {"lines":{"total":238,"covered":47,"skipped":0,"pct":19.74},"functions":{"total":1,"covered":0,"skipped":0,"pct":0},"statements":{"total":238,"covered":47,"skipped":0,"pct":19.74},"branches":{"total":0,"covered":0,"skipped":0,"pct":100}}
,"/home/erik/Workspace/teszt-beadando-excalidraw/packages/excalidraw/components/FilledButton.tsx": {"lines":{"total":119,"covered":100,"skipped":0,"pct":84.03},"functions":{"total":1,"covered":1,"skipped":0,"pct":100},"statements":{"total":119,"covered":100,"skipped":0,"pct":84.03},"branches":{"total":9,"covered":4,"skipped":0,"pct":44.44}}
,"/home/erik/Workspace/teszt-beadando-excalidraw/packages/excalidraw/components/FixedSideContainer.tsx": {"lines":{"total":26,"covered":26,"skipped":0,"pct":100},"functions":{"total":1,"covered":1,"skipped":0,"pct":100},"statements":{"total":26,"covered":26,"skipped":0,"pct":100},"branches":{"total":1,"covered":1,"skipped":0,"pct":100}}
,"/home/erik/Workspace/teszt-beadando-excalidraw/packages/excalidraw/components/HandButton.tsx": {"lines":{"total":34,"covered":34,"skipped":0,"pct":100},"functions":{"total":2,"covered":1,"skipped":0,"pct":50},"statements":{"total":34,"covered":34,"skipped":0,"pct":100},"branches":{"total":2,"covered":1,"skipped":0,"pct":50}}
,"/home/erik/Workspace/teszt-beadando-excalidraw/packages/excalidraw/components/HelpButton.tsx": {"lines":{"total":21,"covered":21,"skipped":0,"pct":100},"functions":{"total":1,"covered":1,"skipped":0,"pct":100},"statements":{"total":21,"covered":21,"skipped":0,"pct":100},"branches":{"total":1,"covered":1,"skipped":0,"pct":100}}
,"/home/erik/Workspace/teszt-beadando-excalidraw/packages/excalidraw/components/HelpDialog.tsx": {"lines":{"total":514,"covered":36,"skipped":0,"pct":7},"functions":{"total":8,"covered":0,"skipped":0,"pct":0},"statements":{"total":514,"covered":36,"skipped":0,"pct":7},"branches":{"total":0,"covered":0,"skipped":0,"pct":100}}
,"/home/erik/Workspace/teszt-beadando-excalidraw/packages/excalidraw/components/HintViewer.tsx": {"lines":{"total":274,"covered":257,"skipped":0,"pct":93.79},"functions":{"total":3,"covered":3,"skipped":0,"pct":100},"statements":{"total":274,"covered":257,"skipped":0,"pct":93.79},"branches":{"total":100,"covered":93,"skipped":0,"pct":93}}
,"/home/erik/Workspace/teszt-beadando-excalidraw/packages/excalidraw/components/IconPicker.tsx": {"lines":{"total":333,"covered":91,"skipped":0,"pct":27.32},"functions":{"total":9,"covered":2,"skipped":0,"pct":22.22},"statements":{"total":333,"covered":91,"skipped":0,"pct":27.32},"branches":{"total":11,"covered":8,"skipped":0,"pct":72.72}}
,"/home/erik/Workspace/teszt-beadando-excalidraw/packages/excalidraw/components/ImageExportDialog.tsx": {"lines":{"total":426,"covered":292,"skipped":0,"pct":68.54},"functions":{"total":14,"covered":3,"skipped":0,"pct":21.42},"statements":{"total":426,"covered":292,"skipped":0,"pct":68.54},"branches":{"total":13,"covered":8,"skipped":0,"pct":61.53}}
,"/home/erik/Workspace/teszt-beadando-excalidraw/packages/excalidraw/components/InitializeApp.tsx": {"lines":{"total":31,"covered":31,"skipped":0,"pct":100},"functions":{"total":2,"covered":2,"skipped":0,"pct":100},"statements":{"total":31,"covered":31,"skipped":0,"pct":100},"branches":{"total":7,"covered":6,"skipped":0,"pct":85.71}}
,"/home/erik/Workspace/teszt-beadando-excalidraw/packages/excalidraw/components/InlineIcon.tsx": {"lines":{"total":26,"covered":26,"skipped":0,"pct":100},"functions":{"total":1,"covered":1,"skipped":0,"pct":100},"statements":{"total":26,"covered":26,"skipped":0,"pct":100},"branches":{"total":1,"covered":1,"skipped":0,"pct":100}}
,"/home/erik/Workspace/teszt-beadando-excalidraw/packages/excalidraw/components/Island.tsx": {"lines":{"total":23,"covered":23,"skipped":0,"pct":100},"functions":{"total":0,"covered":0,"skipped":0,"pct":100},"statements":{"total":23,"covered":23,"skipped":0,"pct":100},"branches":{"total":1,"covered":1,"skipped":0,"pct":100}}
,"/home/erik/Workspace/teszt-beadando-excalidraw/packages/excalidraw/components/JSONExportDialog.tsx": {"lines":{"total":142,"covered":57,"skipped":0,"pct":40.14},"functions":{"total":2,"covered":1,"skipped":0,"pct":50},"statements":{"total":142,"covered":57,"skipped":0,"pct":40.14},"branches":{"total":3,"covered":2,"skipped":0,"pct":66.66}}
,"/home/erik/Workspace/teszt-beadando-excalidraw/packages/excalidraw/components/LaserPointerButton.tsx": {"lines":{"total":43,"covered":43,"skipped":0,"pct":100},"functions":{"total":1,"covered":1,"skipped":0,"pct":100},"statements":{"total":43,"covered":43,"skipped":0,"pct":100},"branches":{"total":1,"covered":1,"skipped":0,"pct":100}}
,"/home/erik/Workspace/teszt-beadando-excalidraw/packages/excalidraw/components/LayerUI.tsx": {"lines":{"total":680,"covered":569,"skipped":0,"pct":83.67},"functions":{"total":27,"covered":13,"skipped":0,"pct":48.14},"statements":{"total":680,"covered":569,"skipped":0,"pct":83.67},"branches":{"total":71,"covered":61,"skipped":0,"pct":85.91}}
,"/home/erik/Workspace/teszt-beadando-excalidraw/packages/excalidraw/components/LibraryMenu.tsx": {"lines":{"total":344,"covered":248,"skipped":0,"pct":72.09},"functions":{"total":4,"covered":3,"skipped":0,"pct":75},"statements":{"total":344,"covered":248,"skipped":0,"pct":72.09},"branches":{"total":19,"covered":15,"skipped":0,"pct":78.94}}
,"/home/erik/Workspace/teszt-beadando-excalidraw/packages/excalidraw/components/LibraryMenuBrowseButton.tsx": {"lines":{"total":33,"covered":33,"skipped":0,"pct":100},"functions":{"total":1,"covered":1,"skipped":0,"pct":100},"statements":{"total":33,"covered":33,"skipped":0,"pct":100},"branches":{"total":1,"covered":1,"skipped":0,"pct":100}}
,"/home/erik/Workspace/teszt-beadando-excalidraw/packages/excalidraw/components/LibraryMenuControlButtons.tsx": {"lines":{"total":35,"covered":35,"skipped":0,"pct":100},"functions":{"total":1,"covered":1,"skipped":0,"pct":100},"statements":{"total":35,"covered":35,"skipped":0,"pct":100},"branches":{"total":1,"covered":1,"skipped":0,"pct":100}}
,"/home/erik/Workspace/teszt-beadando-excalidraw/packages/excalidraw/components/LibraryMenuHeaderContent.tsx": {"lines":{"total":325,"covered":191,"skipped":0,"pct":58.76},"functions":{"total":21,"covered":6,"skipped":0,"pct":28.57},"statements":{"total":325,"covered":191,"skipped":0,"pct":58.76},"branches":{"total":16,"covered":8,"skipped":0,"pct":50}}
,"/home/erik/Workspace/teszt-beadando-excalidraw/packages/excalidraw/components/LibraryMenuItems.tsx": {"lines":{"total":446,"covered":283,"skipped":0,"pct":63.45},"functions":{"total":6,"covered":1,"skipped":0,"pct":16.66},"statements":{"total":446,"covered":283,"skipped":0,"pct":63.45},"branches":{"total":35,"covered":25,"skipped":0,"pct":71.42}}
,"/home/erik/Workspace/teszt-beadando-excalidraw/packages/excalidraw/components/LibraryMenuSection.tsx": {"lines":{"total":82,"covered":71,"skipped":0,"pct":86.58},"functions":{"total":1,"covered":1,"skipped":0,"pct":100},"statements":{"total":82,"covered":71,"skipped":0,"pct":86.58},"branches":{"total":6,"covered":5,"skipped":0,"pct":83.33}}
,"/home/erik/Workspace/teszt-beadando-excalidraw/packages/excalidraw/components/LibraryUnit.tsx": {"lines":{"total":96,"covered":21,"skipped":0,"pct":21.87},"functions":{"total":1,"covered":1,"skipped":0,"pct":100},"statements":{"total":96,"covered":21,"skipped":0,"pct":21.87},"branches":{"total":1,"covered":1,"skipped":0,"pct":100}}
,"/home/erik/Workspace/teszt-beadando-excalidraw/packages/excalidraw/components/LinkButton.tsx": {"lines":{"total":15,"covered":3,"skipped":0,"pct":20},"functions":{"total":1,"covered":0,"skipped":0,"pct":0},"statements":{"total":15,"covered":3,"skipped":0,"pct":20},"branches":{"total":0,"covered":0,"skipped":0,"pct":100}}
,"/home/erik/Workspace/teszt-beadando-excalidraw/packages/excalidraw/components/LoadingMessage.tsx": {"lines":{"total":44,"covered":44,"skipped":0,"pct":100},"functions":{"total":1,"covered":1,"skipped":0,"pct":100},"statements":{"total":44,"covered":44,"skipped":0,"pct":100},"branches":{"total":7,"covered":7,"skipped":0,"pct":100}}
,"/home/erik/Workspace/teszt-beadando-excalidraw/packages/excalidraw/components/LockButton.tsx": {"lines":{"total":50,"covered":50,"skipped":0,"pct":100},"functions":{"total":1,"covered":1,"skipped":0,"pct":100},"statements":{"total":50,"covered":50,"skipped":0,"pct":100},"branches":{"total":3,"covered":3,"skipped":0,"pct":100}}
,"/home/erik/Workspace/teszt-beadando-excalidraw/packages/excalidraw/components/MagicButton.tsx": {"lines":{"total":40,"covered":10,"skipped":0,"pct":25},"functions":{"total":1,"covered":0,"skipped":0,"pct":0},"statements":{"total":40,"covered":10,"skipped":0,"pct":25},"branches":{"total":0,"covered":0,"skipped":0,"pct":100}}
,"/home/erik/Workspace/teszt-beadando-excalidraw/packages/excalidraw/components/MobileMenu.tsx": {"lines":{"total":180,"covered":164,"skipped":0,"pct":91.11},"functions":{"total":5,"covered":3,"skipped":0,"pct":60},"statements":{"total":180,"covered":164,"skipped":0,"pct":91.11},"branches":{"total":13,"covered":5,"skipped":0,"pct":38.46}}
,"/home/erik/Workspace/teszt-beadando-excalidraw/packages/excalidraw/components/MobileToolBar.tsx": {"lines":{"total":485,"covered":434,"skipped":0,"pct":89.48},"functions":{"total":21,"covered":4,"skipped":0,"pct":19.04},"statements":{"total":485,"covered":434,"skipped":0,"pct":89.48},"branches":{"total":41,"covered":32,"skipped":0,"pct":78.04}}
,"/home/erik/Workspace/teszt-beadando-excalidraw/packages/excalidraw/components/Modal.tsx": {"lines":{"total":67,"covered":61,"skipped":0,"pct":91.04},"functions":{"total":2,"covered":1,"skipped":0,"pct":50},"statements":{"total":67,"covered":61,"skipped":0,"pct":91.04},"branches":{"total":4,"covered":3,"skipped":0,"pct":75}}
,"/home/erik/Workspace/teszt-beadando-excalidraw/packages/excalidraw/components/Paragraph.tsx": {"lines":{"total":10,"covered":0,"skipped":0,"pct":0},"functions":{"total":1,"covered":0,"skipped":0,"pct":0},"statements":{"total":10,"covered":0,"skipped":0,"pct":0},"branches":{"total":1,"covered":0,"skipped":0,"pct":0}}
,"/home/erik/Workspace/teszt-beadando-excalidraw/packages/excalidraw/components/PasteChartDialog.tsx": {"lines":{"total":270,"covered":33,"skipped":0,"pct":12.22},"functions":{"total":4,"covered":0,"skipped":0,"pct":0},"statements":{"total":270,"covered":33,"skipped":0,"pct":12.22},"branches":{"total":0,"covered":0,"skipped":0,"pct":100}}
,"/home/erik/Workspace/teszt-beadando-excalidraw/packages/excalidraw/components/PenModeButton.tsx": {"lines":{"total":48,"covered":24,"skipped":0,"pct":50},"functions":{"total":1,"covered":1,"skipped":0,"pct":100},"statements":{"total":48,"covered":24,"skipped":0,"pct":50},"branches":{"total":2,"covered":1,"skipped":0,"pct":50}}
,"/home/erik/Workspace/teszt-beadando-excalidraw/packages/excalidraw/components/Popover.tsx": {"lines":{"total":157,"covered":121,"skipped":0,"pct":77.07},"functions":{"total":3,"covered":2,"skipped":0,"pct":66.66},"statements":{"total":157,"covered":121,"skipped":0,"pct":77.07},"branches":{"total":18,"covered":12,"skipped":0,"pct":66.66}}
,"/home/erik/Workspace/teszt-beadando-excalidraw/packages/excalidraw/components/ProjectName.tsx": {"lines":{"total":57,"covered":17,"skipped":0,"pct":29.82},"functions":{"total":1,"covered":0,"skipped":0,"pct":0},"statements":{"total":57,"covered":17,"skipped":0,"pct":29.82},"branches":{"total":0,"covered":0,"skipped":0,"pct":100}}
,"/home/erik/Workspace/teszt-beadando-excalidraw/packages/excalidraw/components/PropertiesPopover.tsx": {"lines":{"total":102,"covered":100,"skipped":0,"pct":98.03},"functions":{"total":2,"covered":2,"skipped":0,"pct":100},"statements":{"total":102,"covered":100,"skipped":0,"pct":98.03},"branches":{"total":11,"covered":4,"skipped":0,"pct":36.36}}
,"/home/erik/Workspace/teszt-beadando-excalidraw/packages/excalidraw/components/PublishLibrary.tsx": {"lines":{"total":541,"covered":44,"skipped":0,"pct":8.13},"functions":{"total":3,"covered":0,"skipped":0,"pct":0},"statements":{"total":541,"covered":44,"skipped":0,"pct":8.13},"branches":{"total":0,"covered":0,"skipped":0,"pct":100}}
,"/home/erik/Workspace/teszt-beadando-excalidraw/packages/excalidraw/components/QuickSearch.tsx": {"lines":{"total":29,"covered":29,"skipped":0,"pct":100},"functions":{"total":1,"covered":0,"skipped":0,"pct":0},"statements":{"total":29,"covered":29,"skipped":0,"pct":100},"branches":{"total":1,"covered":1,"skipped":0,"pct":100}}
,"/home/erik/Workspace/teszt-beadando-excalidraw/packages/excalidraw/components/RadioGroup.tsx": {"lines":{"total":46,"covered":46,"skipped":0,"pct":100},"functions":{"total":2,"covered":1,"skipped":0,"pct":50},"statements":{"total":46,"covered":46,"skipped":0,"pct":100},"branches":{"total":2,"covered":2,"skipped":0,"pct":100}}
,"/home/erik/Workspace/teszt-beadando-excalidraw/packages/excalidraw/components/RadioSelection.tsx": {"lines":{"total":59,"covered":59,"skipped":0,"pct":100},"functions":{"total":3,"covered":3,"skipped":0,"pct":100},"statements":{"total":59,"covered":59,"skipped":0,"pct":100},"branches":{"total":6,"covered":6,"skipped":0,"pct":100}}
,"/home/erik/Workspace/teszt-beadando-excalidraw/packages/excalidraw/components/Range.tsx": {"lines":{"total":79,"covered":78,"skipped":0,"pct":98.73},"functions":{"total":2,"covered":2,"skipped":0,"pct":100},"statements":{"total":79,"covered":78,"skipped":0,"pct":98.73},"branches":{"total":6,"covered":3,"skipped":0,"pct":50}}
,"/home/erik/Workspace/teszt-beadando-excalidraw/packages/excalidraw/components/SVGLayer.tsx": {"lines":{"total":34,"covered":34,"skipped":0,"pct":100},"functions":{"total":1,"covered":1,"skipped":0,"pct":100},"statements":{"total":34,"covered":34,"skipped":0,"pct":100},"branches":{"total":5,"covered":5,"skipped":0,"pct":100}}
,"/home/erik/Workspace/teszt-beadando-excalidraw/packages/excalidraw/components/ScrollableList.tsx": {"lines":{"total":24,"covered":24,"skipped":0,"pct":100},"functions":{"total":1,"covered":1,"skipped":0,"pct":100},"statements":{"total":24,"covered":24,"skipped":0,"pct":100},"branches":{"total":2,"covered":1,"skipped":0,"pct":50}}
,"/home/erik/Workspace/teszt-beadando-excalidraw/packages/excalidraw/components/SearchMenu.tsx": {"lines":{"total":876,"covered":808,"skipped":0,"pct":92.23},"functions":{"total":18,"covered":13,"skipped":0,"pct":72.22},"statements":{"total":876,"covered":808,"skipped":0,"pct":92.23},"branches":{"total":120,"covered":95,"skipped":0,"pct":79.16}}
,"/home/erik/Workspace/teszt-beadando-excalidraw/packages/excalidraw/components/Section.tsx": {"lines":{"total":30,"covered":30,"skipped":0,"pct":100},"functions":{"total":1,"covered":1,"skipped":0,"pct":100},"statements":{"total":30,"covered":30,"skipped":0,"pct":100},"branches":{"total":3,"covered":3,"skipped":0,"pct":100}}
,"/home/erik/Workspace/teszt-beadando-excalidraw/packages/excalidraw/components/ShareableLinkDialog.tsx": {"lines":{"total":80,"covered":21,"skipped":0,"pct":26.25},"functions":{"total":1,"covered":0,"skipped":0,"pct":0},"statements":{"total":80,"covered":21,"skipped":0,"pct":26.25},"branches":{"total":0,"covered":0,"skipped":0,"pct":100}}
,"/home/erik/Workspace/teszt-beadando-excalidraw/packages/excalidraw/components/Spinner.tsx": {"lines":{"total":43,"covered":43,"skipped":0,"pct":100},"functions":{"total":1,"covered":1,"skipped":0,"pct":100},"statements":{"total":43,"covered":43,"skipped":0,"pct":100},"branches":{"total":2,"covered":1,"skipped":0,"pct":50}}
,"/home/erik/Workspace/teszt-beadando-excalidraw/packages/excalidraw/components/Stack.tsx": {"lines":{"total":62,"covered":62,"skipped":0,"pct":100},"functions":{"total":0,"covered":0,"skipped":0,"pct":100},"statements":{"total":62,"covered":62,"skipped":0,"pct":100},"branches":{"total":2,"covered":2,"skipped":0,"pct":100}}
,"/home/erik/Workspace/teszt-beadando-excalidraw/packages/excalidraw/components/Switch.tsx": {"lines":{"total":38,"covered":34,"skipped":0,"pct":89.47},"functions":{"total":3,"covered":1,"skipped":0,"pct":33.33},"statements":{"total":38,"covered":34,"skipped":0,"pct":89.47},"branches":{"total":1,"covered":1,"skipped":0,"pct":100}}
,"/home/erik/Workspace/teszt-beadando-excalidraw/packages/excalidraw/components/TextField.tsx": {"lines":{"total":117,"covered":106,"skipped":0,"pct":90.59},"functions":{"total":3,"covered":1,"skipped":0,"pct":33.33},"statements":{"total":117,"covered":106,"skipped":0,"pct":90.59},"branches":{"total":11,"covered":6,"skipped":0,"pct":54.54}}
,"/home/erik/Workspace/teszt-beadando-excalidraw/packages/excalidraw/components/Toast.tsx": {"lines":{"total":80,"covered":60,"skipped":0,"pct":75},"functions":{"total":3,"covered":1,"skipped":0,"pct":33.33},"statements":{"total":80,"covered":60,"skipped":0,"pct":75},"branches":{"total":9,"covered":4,"skipped":0,"pct":44.44}}
,"/home/erik/Workspace/teszt-beadando-excalidraw/packages/excalidraw/components/ToolButton.tsx": {"lines":{"total":211,"covered":179,"skipped":0,"pct":84.83},"functions":{"total":4,"covered":1,"skipped":0,"pct":25},"statements":{"total":211,"covered":179,"skipped":0,"pct":84.83},"branches":{"total":19,"covered":14,"skipped":0,"pct":73.68}}
,"/home/erik/Workspace/teszt-beadando-excalidraw/packages/excalidraw/components/ToolPopover.tsx": {"lines":{"total":124,"covered":113,"skipped":0,"pct":91.12},"functions":{"total":3,"covered":1,"skipped":0,"pct":33.33},"statements":{"total":124,"covered":113,"skipped":0,"pct":91.12},"branches":{"total":12,"covered":8,"skipped":0,"pct":66.66}}
,"/home/erik/Workspace/teszt-beadando-excalidraw/packages/excalidraw/components/Tooltip.tsx": {"lines":{"total":119,"covered":54,"skipped":0,"pct":45.37},"functions":{"total":6,"covered":2,"skipped":0,"pct":33.33},"statements":{"total":119,"covered":54,"skipped":0,"pct":45.37},"branches":{"total":7,"covered":6,"skipped":0,"pct":85.71}}
,"/home/erik/Workspace/teszt-beadando-excalidraw/packages/excalidraw/components/Trans.tsx": {"lines":{"total":171,"covered":157,"skipped":0,"pct":91.81},"functions":{"total":2,"covered":2,"skipped":0,"pct":100},"statements":{"total":171,"covered":157,"skipped":0,"pct":91.81},"branches":{"total":13,"covered":9,"skipped":0,"pct":69.23}}
,"/home/erik/Workspace/teszt-beadando-excalidraw/packages/excalidraw/components/UnlockPopup.tsx": {"lines":{"total":75,"covered":57,"skipped":0,"pct":76},"functions":{"total":2,"covered":1,"skipped":0,"pct":50},"statements":{"total":75,"covered":57,"skipped":0,"pct":76},"branches":{"total":4,"covered":3,"skipped":0,"pct":75}}
,"/home/erik/Workspace/teszt-beadando-excalidraw/packages/excalidraw/components/UserList.tsx": {"lines":{"total":296,"covered":71,"skipped":0,"pct":23.98},"functions":{"total":2,"covered":0,"skipped":0,"pct":0},"statements":{"total":296,"covered":71,"skipped":0,"pct":23.98},"branches":{"total":0,"covered":0,"skipped":0,"pct":100}}
,"/home/erik/Workspace/teszt-beadando-excalidraw/packages/excalidraw/components/icons.tsx": {"lines":{"total":2494,"covered":2331,"skipped":0,"pct":93.46},"functions":{"total":3,"covered":3,"skipped":0,"pct":100},"statements":{"total":2494,"covered":2331,"skipped":0,"pct":93.46},"branches":{"total":22,"covered":21,"skipped":0,"pct":95.45}}
,"/home/erik/Workspace/teszt-beadando-excalidraw/packages/excalidraw/components/shapes.tsx": {"lines":{"total":146,"covered":135,"skipped":0,"pct":92.46},"functions":{"total":2,"covered":2,"skipped":0,"pct":100},"statements":{"total":146,"covered":135,"skipped":0,"pct":92.46},"branches":{"total":11,"covered":10,"skipped":0,"pct":90.9}}
,"/home/erik/Workspace/teszt-beadando-excalidraw/packages/excalidraw/components/ColorPicker/ColorInput.tsx": {"lines":{"total":134,"covered":104,"skipped":0,"pct":77.61},"functions":{"total":6,"covered":1,"skipped":0,"pct":16.66},"statements":{"total":134,"covered":104,"skipped":0,"pct":77.61},"branches":{"total":8,"covered":5,"skipped":0,"pct":62.5}}
,"/home/erik/Workspace/teszt-beadando-excalidraw/packages/excalidraw/components/ColorPicker/ColorPicker.tsx": {"lines":{"total":364,"covered":299,"skipped":0,"pct":82.14},"functions":{"total":15,"covered":8,"skipped":0,"pct":53.33},"statements":{"total":364,"covered":299,"skipped":0,"pct":82.14},"branches":{"total":38,"covered":30,"skipped":0,"pct":78.94}}
,"/home/erik/Workspace/teszt-beadando-excalidraw/packages/excalidraw/components/ColorPicker/CustomColorList.tsx": {"lines":{"total":65,"covered":16,"skipped":0,"pct":24.61},"functions":{"total":1,"covered":0,"skipped":0,"pct":0},"statements":{"total":65,"covered":16,"skipped":0,"pct":24.61},"branches":{"total":0,"covered":0,"skipped":0,"pct":100}}
,"/home/erik/Workspace/teszt-beadando-excalidraw/packages/excalidraw/components/ColorPicker/HotkeyLabel.tsx": {"lines":{"total":27,"covered":27,"skipped":0,"pct":100},"functions":{"total":1,"covered":1,"skipped":0,"pct":100},"statements":{"total":27,"covered":27,"skipped":0,"pct":100},"branches":{"total":4,"covered":4,"skipped":0,"pct":100}}
,"/home/erik/Workspace/teszt-beadando-excalidraw/packages/excalidraw/components/ColorPicker/Picker.tsx": {"lines":{"total":210,"covered":169,"skipped":0,"pct":80.47},"functions":{"total":2,"covered":1,"skipped":0,"pct":50},"statements":{"total":210,"covered":169,"skipped":0,"pct":80.47},"branches":{"total":23,"covered":15,"skipped":0,"pct":65.21}}
,"/home/erik/Workspace/teszt-beadando-excalidraw/packages/excalidraw/components/ColorPicker/PickerColorList.tsx": {"lines":{"total":95,"covered":95,"skipped":0,"pct":100},"functions":{"total":2,"covered":2,"skipped":0,"pct":100},"statements":{"total":95,"covered":95,"skipped":0,"pct":100},"branches":{"total":14,"covered":12,"skipped":0,"pct":85.71}}
,"/home/erik/Workspace/teszt-beadando-excalidraw/packages/excalidraw/components/ColorPicker/PickerHeading.tsx": {"lines":{"total":7,"covered":7,"skipped":0,"pct":100},"functions":{"total":1,"covered":1,"skipped":0,"pct":100},"statements":{"total":7,"covered":7,"skipped":0,"pct":100},"branches":{"total":1,"covered":1,"skipped":0,"pct":100}}
[...]
,"/home/erik/Workspace/teszt-beadando-excalidraw/packages/excalidraw/renderer/animation.ts": {"lines":{"total":84,"covered":35,"skipped":0,"pct":41.66},"functions":{"total":5,"covered":3,"skipped":0,"pct":60},"statements":{"total":84,"covered":35,"skipped":0,"pct":41.66},"branches":{"total":4,"covered":3,"skipped":0,"pct":75}}
,"/home/erik/Workspace/teszt-beadando-excalidraw/packages/excalidraw/renderer/helpers.ts": {"lines":{"total":106,"covered":102,"skipped":0,"pct":96.22},"functions":{"total":4,"covered":4,"skipped":0,"pct":100},"statements":{"total":106,"covered":102,"skipped":0,"pct":96.22},"branches":{"total":14,"covered":12,"skipped":0,"pct":85.71}}
,"/home/erik/Workspace/teszt-beadando-excalidraw/packages/excalidraw/renderer/interactiveScene.ts": {"lines":{"total":2090,"covered":1550,"skipped":0,"pct":74.16},"functions":{"total":25,"covered":23,"skipped":0,"pct":92},"statements":{"total":2090,"covered":1550,"skipped":0,"pct":74.16},"branches":{"total":247,"covered":209,"skipped":0,"pct":84.61}}
,"/home/erik/Workspace/teszt-beadando-excalidraw/packages/excalidraw/renderer/renderNewElementScene.ts": {"lines":{"total":103,"covered":85,"skipped":0,"pct":82.52},"functions":{"total":2,"covered":2,"skipped":0,"pct":100},"statements":{"total":103,"covered":85,"skipped":0,"pct":82.52},"branches":{"total":13,"covered":7,"skipped":0,"pct":53.84}}
,"/home/erik/Workspace/teszt-beadando-excalidraw/packages/excalidraw/renderer/renderSnaps.ts": {"lines":{"total":209,"covered":38,"skipped":0,"pct":18.18},"functions":{"total":6,"covered":1,"skipped":0,"pct":16.66},"statements":{"total":209,"covered":38,"skipped":0,"pct":18.18},"branches":{"total":7,"covered":1,"skipped":0,"pct":14.28}}
,"/home/erik/Workspace/teszt-beadando-excalidraw/packages/excalidraw/renderer/roundRect.ts": {"lines":{"total":41,"covered":11,"skipped":0,"pct":26.82},"functions":{"total":1,"covered":0,"skipped":0,"pct":0},"statements":{"total":41,"covered":11,"skipped":0,"pct":26.82},"branches":{"total":0,"covered":0,"skipped":0,"pct":100}}
,"/home/erik/Workspace/teszt-beadando-excalidraw/packages/excalidraw/renderer/staticScene.ts": {"lines":{"total":501,"covered":383,"skipped":0,"pct":76.44},"functions":{"total":6,"covered":6,"skipped":0,"pct":100},"statements":{"total":501,"covered":383,"skipped":0,"pct":76.44},"branches":{"total":73,"covered":53,"skipped":0,"pct":72.6}}
,"/home/erik/Workspace/teszt-beadando-excalidraw/packages/excalidraw/renderer/staticSvgScene.ts": {"lines":{"total":786,"covered":400,"skipped":0,"pct":50.89},"functions":{"total":5,"covered":5,"skipped":0,"pct":100},"statements":{"total":786,"covered":400,"skipped":0,"pct":50.89},"branches":{"total":70,"covered":37,"skipped":0,"pct":52.85}}
,"/home/erik/Workspace/teszt-beadando-excalidraw/packages/excalidraw/scene/Renderer.ts": {"lines":{"total":262,"covered":260,"skipped":0,"pct":99.23},"functions":{"total":7,"covered":7,"skipped":0,"pct":100},"statements":{"total":262,"covered":260,"skipped":0,"pct":99.23},"branches":{"total":32,"covered":31,"skipped":0,"pct":96.87}}
,"/home/erik/Workspace/teszt-beadando-excalidraw/packages/excalidraw/scene/export.ts": {"lines":{"total":585,"covered":523,"skipped":0,"pct":89.4},"functions":{"total":13,"covered":11,"skipped":0,"pct":84.61},"statements":{"total":585,"covered":523,"skipped":0,"pct":89.4},"branches":{"total":68,"covered":53,"skipped":0,"pct":77.94}}
,"/home/erik/Workspace/teszt-beadando-excalidraw/packages/excalidraw/scene/index.ts": {"lines":{"total":19,"covered":19,"skipped":0,"pct":100},"functions":{"total":0,"covered":0,"skipped":0,"pct":100},"statements":{"total":19,"covered":19,"skipped":0,"pct":100},"branches":{"total":0,"covered":0,"skipped":0,"pct":100}}
,"/home/erik/Workspace/teszt-beadando-excalidraw/packages/excalidraw/scene/normalize.ts": {"lines":{"total":17,"covered":17,"skipped":0,"pct":100},"functions":{"total":3,"covered":3,"skipped":0,"pct":100},"statements":{"total":17,"covered":17,"skipped":0,"pct":100},"branches":{"total":3,"covered":3,"skipped":0,"pct":100}}
,"/home/erik/Workspace/teszt-beadando-excalidraw/packages/excalidraw/scene/scroll.ts": {"lines":{"total":92,"covered":87,"skipped":0,"pct":94.56},"functions":{"total":3,"covered":3,"skipped":0,"pct":100},"statements":{"total":92,"covered":87,"skipped":0,"pct":94.56},"branches":{"total":14,"covered":13,"skipped":0,"pct":92.85}}
,"/home/erik/Workspace/teszt-beadando-excalidraw/packages/excalidraw/scene/scrollbars.ts": {"lines":{"total":155,"covered":36,"skipped":0,"pct":23.22},"functions":{"total":2,"covered":1,"skipped":0,"pct":50},"statements":{"total":155,"covered":36,"skipped":0,"pct":23.22},"branches":{"total":6,"covered":2,"skipped":0,"pct":33.33}}
,"/home/erik/Workspace/teszt-beadando-excalidraw/packages/excalidraw/scene/types.ts": {"lines":{"total":175,"covered":0,"skipped":0,"pct":0},"functions":{"total":1,"covered":0,"skipped":0,"pct":0},"statements":{"total":175,"covered":0,"skipped":0,"pct":0},"branches":{"total":1,"covered":0,"skipped":0,"pct":0}}
,"/home/erik/Workspace/teszt-beadando-excalidraw/packages/excalidraw/scene/zoom.ts": {"lines":{"total":35,"covered":35,"skipped":0,"pct":100},"functions":{"total":1,"covered":1,"skipped":0,"pct":100},"statements":{"total":35,"covered":35,"skipped":0,"pct":100},"branches":{"total":1,"covered":1,"skipped":0,"pct":100}}
,"/home/erik/Workspace/teszt-beadando-excalidraw/packages/excalidraw/subset/subset-main.ts": {"lines":{"total":130,"covered":66,"skipped":0,"pct":50.76},"functions":{"total":4,"covered":2,"skipped":0,"pct":50},"statements":{"total":130,"covered":66,"skipped":0,"pct":50.76},"branches":{"total":4,"covered":3,"skipped":0,"pct":75}}
,"/home/erik/Workspace/teszt-beadando-excalidraw/packages/excalidraw/subset/subset-shared.chunk.ts": {"lines":{"total":81,"covered":70,"skipped":0,"pct":86.41},"functions":{"total":3,"covered":3,"skipped":0,"pct":100},"statements":{"total":81,"covered":70,"skipped":0,"pct":86.41},"branches":{"total":5,"covered":3,"skipped":0,"pct":60}}
,"/home/erik/Workspace/teszt-beadando-excalidraw/packages/excalidraw/subset/subset-worker.chunk.ts": {"lines":{"total":42,"covered":0,"skipped":0,"pct":0},"functions":{"total":1,"covered":0,"skipped":0,"pct":0},"statements":{"total":42,"covered":0,"skipped":0,"pct":0},"branches":{"total":1,"covered":0,"skipped":0,"pct":0}}
,"/home/erik/Workspace/teszt-beadando-excalidraw/packages/excalidraw/subset/harfbuzz/harfbuzz-bindings.ts": {"lines":{"total":202,"covered":184,"skipped":0,"pct":91.08},"functions":{"total":1,"covered":1,"skipped":0,"pct":100},"statements":{"total":202,"covered":184,"skipped":0,"pct":91.08},"branches":{"total":5,"covered":2,"skipped":0,"pct":40}}
,"/home/erik/Workspace/teszt-beadando-excalidraw/packages/excalidraw/subset/harfbuzz/harfbuzz-loader.ts": {"lines":{"total":57,"covered":55,"skipped":0,"pct":96.49},"functions":{"total":3,"covered":3,"skipped":0,"pct":100},"statements":{"total":57,"covered":55,"skipped":0,"pct":96.49},"branches":{"total":6,"covered":5,"skipped":0,"pct":83.33}}
,"/home/erik/Workspace/teszt-beadando-excalidraw/packages/excalidraw/subset/harfbuzz/harfbuzz-wasm.ts": {"lines":{"total":57,"covered":57,"skipped":0,"pct":100},"functions":{"total":0,"covered":0,"skipped":0,"pct":100},"statements":{"total":57,"covered":57,"skipped":0,"pct":100},"branches":{"total":10,"covered":10,"skipped":0,"pct":100}}
,"/home/erik/Workspace/teszt-beadando-excalidraw/packages/excalidraw/tests/test-utils.ts": {"lines":{"total":493,"covered":420,"skipped":0,"pct":85.19},"functions":{"total":30,"covered":23,"skipped":0,"pct":76.66},"statements":{"total":493,"covered":420,"skipped":0,"pct":85.19},"branches":{"total":64,"covered":57,"skipped":0,"pct":89.06}}
,"/home/erik/Workspace/teszt-beadando-excalidraw/packages/excalidraw/tests/fixtures/constants.ts": {"lines":{"total":9,"covered":9,"skipped":0,"pct":100},"functions":{"total":0,"covered":0,"skipped":0,"pct":100},"statements":{"total":9,"covered":9,"skipped":0,"pct":100},"branches":{"total":0,"covered":0,"skipped":0,"pct":100}}
,"/home/erik/Workspace/teszt-beadando-excalidraw/packages/excalidraw/tests/fixtures/diagramFixture.ts": {"lines":{"total":34,"covered":34,"skipped":0,"pct":100},"functions":{"total":1,"covered":1,"skipped":0,"pct":100},"statements":{"total":34,"covered":34,"skipped":0,"pct":100},"branches":{"total":1,"covered":1,"skipped":0,"pct":100}}
,"/home/erik/Workspace/teszt-beadando-excalidraw/packages/excalidraw/tests/fixtures/elementFixture.ts": {"lines":{"total":70,"covered":70,"skipped":0,"pct":100},"functions":{"total":0,"covered":0,"skipped":0,"pct":100},"statements":{"total":70,"covered":70,"skipped":0,"pct":100},"branches":{"total":0,"covered":0,"skipped":0,"pct":100}}
,"/home/erik/Workspace/teszt-beadando-excalidraw/packages/excalidraw/tests/helpers/api.ts": {"lines":{"total":537,"covered":521,"skipped":0,"pct":97.02},"functions":{"total":24,"covered":22,"skipped":0,"pct":91.66},"statements":{"total":537,"covered":521,"skipped":0,"pct":97.02},"branches":{"total":114,"covered":104,"skipped":0,"pct":91.22}}
,"/home/erik/Workspace/teszt-beadando-excalidraw/packages/excalidraw/tests/helpers/colorize.ts": {"lines":{"total":2,"covered":2,"skipped":0,"pct":100},"functions":{"total":2,"covered":1,"skipped":0,"pct":50},"statements":{"total":2,"covered":2,"skipped":0,"pct":100},"branches":{"total":1,"covered":1,"skipped":0,"pct":100}}
,"/home/erik/Workspace/teszt-beadando-excalidraw/packages/excalidraw/tests/helpers/constants.ts": {"lines":{"total":6,"covered":6,"skipped":0,"pct":100},"functions":{"total":0,"covered":0,"skipped":0,"pct":100},"statements":{"total":6,"covered":6,"skipped":0,"pct":100},"branches":{"total":0,"covered":0,"skipped":0,"pct":100}}
,"/home/erik/Workspace/teszt-beadando-excalidraw/packages/excalidraw/tests/helpers/mocks.ts": {"lines":{"total":111,"covered":109,"skipped":0,"pct":98.19},"functions":{"total":7,"covered":7,"skipped":0,"pct":100},"statements":{"total":111,"covered":109,"skipped":0,"pct":98.19},"branches":{"total":14,"covered":13,"skipped":0,"pct":92.85}}
,"/home/erik/Workspace/teszt-beadando-excalidraw/packages/excalidraw/tests/helpers/polyfills.ts": {"lines":{"total":96,"covered":81,"skipped":0,"pct":84.37},"functions":{"total":12,"covered":8,"skipped":0,"pct":66.66},"statements":{"total":96,"covered":81,"skipped":0,"pct":84.37},"branches":{"total":15,"covered":13,"skipped":0,"pct":86.66}}
,"/home/erik/Workspace/teszt-beadando-excalidraw/packages/excalidraw/tests/helpers/ui.ts": {"lines":{"total":692,"covered":662,"skipped":0,"pct":95.66},"functions":{"total":52,"covered":49,"skipped":0,"pct":94.23},"statements":{"total":692,"covered":662,"skipped":0,"pct":95.66},"branches":{"total":111,"covered":100,"skipped":0,"pct":90.09}}
,"/home/erik/Workspace/teszt-beadando-excalidraw/packages/excalidraw/tests/queries/dom.ts": {"lines":{"total":37,"covered":33,"skipped":0,"pct":89.18},"functions":{"total":3,"covered":3,"skipped":0,"pct":100},"statements":{"total":37,"covered":33,"skipped":0,"pct":89.18},"branches":{"total":8,"covered":7,"skipped":0,"pct":87.5}}
,"/home/erik/Workspace/teszt-beadando-excalidraw/packages/excalidraw/tests/queries/toolQueries.ts": {"lines":{"total":27,"covered":25,"skipped":0,"pct":92.59},"functions":{"total":3,"covered":1,"skipped":0,"pct":33.33},"statements":{"total":27,"covered":25,"skipped":0,"pct":92.59},"branches":{"total":3,"covered":3,"skipped":0,"pct":100}}
,"/home/erik/Workspace/teszt-beadando-excalidraw/packages/excalidraw/wysiwyg/textWysiwyg.tsx": {"lines":{"total":1022,"covered":828,"skipped":0,"pct":81.01},"functions":{"total":21,"covered":17,"skipped":0,"pct":80.95},"statements":{"total":1022,"covered":828,"skipped":0,"pct":81.01},"branches":{"total":135,"covered":100,"skipped":0,"pct":74.07}}
,"/home/erik/Workspace/teszt-beadando-excalidraw/packages/fractional-indexing/global.d.ts": {"lines":{"total":1,"covered":0,"skipped":0,"pct":0},"functions":{"total":1,"covered":0,"skipped":0,"pct":0},"statements":{"total":1,"covered":0,"skipped":0,"pct":0},"branches":{"total":1,"covered":0,"skipped":0,"pct":0}}
,"/home/erik/Workspace/teszt-beadando-excalidraw/packages/fractional-indexing/src/index.ts": {"lines":{"total":322,"covered":295,"skipped":0,"pct":91.61},"functions":{"total":9,"covered":9,"skipped":0,"pct":100},"statements":{"total":322,"covered":295,"skipped":0,"pct":91.61},"branches":{"total":106,"covered":92,"skipped":0,"pct":86.79}}
,"/home/erik/Workspace/teszt-beadando-excalidraw/packages/math/global.d.ts": {"lines":{"total":3,"covered":0,"skipped":0,"pct":0},"functions":{"total":1,"covered":0,"skipped":0,"pct":0},"statements":{"total":3,"covered":0,"skipped":0,"pct":0},"branches":{"total":1,"covered":0,"skipped":0,"pct":0}}
,"/home/erik/Workspace/teszt-beadando-excalidraw/packages/math/src/angle.ts": {"lines":{"total":77,"covered":43,"skipped":0,"pct":55.84},"functions":{"total":7,"covered":4,"skipped":0,"pct":57.14},"statements":{"total":77,"covered":43,"skipped":0,"pct":55.84},"branches":{"total":6,"covered":6,"skipped":0,"pct":100}}
,"/home/erik/Workspace/teszt-beadando-excalidraw/packages/math/src/constants.ts": {"lines":{"total":55,"covered":55,"skipped":0,"pct":100},"functions":{"total":0,"covered":0,"skipped":0,"pct":100},"statements":{"total":55,"covered":55,"skipped":0,"pct":100},"branches":{"total":0,"covered":0,"skipped":0,"pct":100}}
,"/home/erik/Workspace/teszt-beadando-excalidraw/packages/math/src/curve.ts": {"lines":{"total":556,"covered":479,"skipped":0,"pct":86.15},"functions":{"total":17,"covered":14,"skipped":0,"pct":82.35},"statements":{"total":556,"covered":479,"skipped":0,"pct":86.15},"branches":{"total":78,"covered":68,"skipped":0,"pct":87.17}}
,"/home/erik/Workspace/teszt-beadando-excalidraw/packages/math/src/ellipse.ts": {"lines":{"total":231,"covered":231,"skipped":0,"pct":100},"functions":{"total":6,"covered":6,"skipped":0,"pct":100},"statements":{"total":231,"covered":231,"skipped":0,"pct":100},"branches":{"total":21,"covered":21,"skipped":0,"pct":100}}
,"/home/erik/Workspace/teszt-beadando-excalidraw/packages/math/src/index.ts": {"lines":{"total":13,"covered":13,"skipped":0,"pct":100},"functions":{"total":0,"covered":0,"skipped":0,"pct":100},"statements":{"total":13,"covered":13,"skipped":0,"pct":100},"branches":{"total":0,"covered":0,"skipped":0,"pct":100}}
,"/home/erik/Workspace/teszt-beadando-excalidraw/packages/math/src/line.ts": {"lines":{"total":39,"covered":39,"skipped":0,"pct":100},"functions":{"total":2,"covered":2,"skipped":0,"pct":100},"statements":{"total":39,"covered":39,"skipped":0,"pct":100},"branches":{"total":5,"covered":5,"skipped":0,"pct":100}}
,"/home/erik/Workspace/teszt-beadando-excalidraw/packages/math/src/point.ts": {"lines":{"total":255,"covered":248,"skipped":0,"pct":97.25},"functions":{"total":14,"covered":13,"skipped":0,"pct":92.85},"statements":{"total":255,"covered":248,"skipped":0,"pct":97.25},"branches":{"total":27,"covered":26,"skipped":0,"pct":96.29}}
,"/home/erik/Workspace/teszt-beadando-excalidraw/packages/math/src/polygon.ts": {"lines":{"total":101,"covered":101,"skipped":0,"pct":100},"functions":{"total":7,"covered":7,"skipped":0,"pct":100},"statements":{"total":101,"covered":101,"skipped":0,"pct":100},"branches":{"total":24,"covered":24,"skipped":0,"pct":100}}
,"/home/erik/Workspace/teszt-beadando-excalidraw/packages/math/src/range.ts": {"lines":{"total":83,"covered":78,"skipped":0,"pct":93.97},"functions":{"total":5,"covered":4,"skipped":0,"pct":80},"statements":{"total":83,"covered":78,"skipped":0,"pct":93.97},"branches":{"total":10,"covered":9,"skipped":0,"pct":90}}
,"/home/erik/Workspace/teszt-beadando-excalidraw/packages/math/src/rectangle.ts": {"lines":{"total":39,"covered":17,"skipped":0,"pct":43.58},"functions":{"total":4,"covered":1,"skipped":0,"pct":25},"statements":{"total":39,"covered":17,"skipped":0,"pct":43.58},"branches":{"total":1,"covered":1,"skipped":0,"pct":100}}
,"/home/erik/Workspace/teszt-beadando-excalidraw/packages/math/src/segment.ts": {"lines":{"total":195,"covered":172,"skipped":0,"pct":88.2},"functions":{"total":8,"covered":6,"skipped":0,"pct":75},"statements":{"total":195,"covered":172,"skipped":0,"pct":88.2},"branches":{"total":26,"covered":26,"skipped":0,"pct":100}}
,"/home/erik/Workspace/teszt-beadando-excalidraw/packages/math/src/triangle.ts": {"lines":{"total":28,"covered":28,"skipped":0,"pct":100},"functions":{"total":2,"covered":2,"skipped":0,"pct":100},"statements":{"total":28,"covered":28,"skipped":0,"pct":100},"branches":{"total":6,"covered":4,"skipped":0,"pct":66.66}}
,"/home/erik/Workspace/teszt-beadando-excalidraw/packages/math/src/types.ts": {"lines":{"total":162,"covered":162,"skipped":0,"pct":100},"functions":{"total":0,"covered":0,"skipped":0,"pct":100},"statements":{"total":162,"covered":162,"skipped":0,"pct":100},"branches":{"total":0,"covered":0,"skipped":0,"pct":100}}
,"/home/erik/Workspace/teszt-beadando-excalidraw/packages/math/src/utils.ts": {"lines":{"total":33,"covered":33,"skipped":0,"pct":100},"functions":{"total":6,"covered":6,"skipped":0,"pct":100},"statements":{"total":33,"covered":33,"skipped":0,"pct":100},"branches":{"total":7,"covered":7,"skipped":0,"pct":100}}
,"/home/erik/Workspace/teszt-beadando-excalidraw/packages/math/src/vector.ts": {"lines":{"total":160,"covered":158,"skipped":0,"pct":98.75},"functions":{"total":12,"covered":12,"skipped":0,"pct":100},"statements":{"total":160,"covered":158,"skipped":0,"pct":98.75},"branches":{"total":21,"covered":20,"skipped":0,"pct":95.23}}
,"/home/erik/Workspace/teszt-beadando-excalidraw/packages/utils/global.d.ts": {"lines":{"total":3,"covered":0,"skipped":0,"pct":0},"functions":{"total":1,"covered":0,"skipped":0,"pct":0},"statements":{"total":3,"covered":0,"skipped":0,"pct":0},"branches":{"total":1,"covered":0,"skipped":0,"pct":0}}
,"/home/erik/Workspace/teszt-beadando-excalidraw/packages/utils/src/bbox.ts": {"lines":{"total":73,"covered":73,"skipped":0,"pct":100},"functions":{"total":6,"covered":6,"skipped":0,"pct":100},"statements":{"total":73,"covered":73,"skipped":0,"pct":100},"branches":{"total":15,"covered":15,"skipped":0,"pct":100}}
,"/home/erik/Workspace/teszt-beadando-excalidraw/packages/utils/src/export.ts": {"lines":{"total":216,"covered":154,"skipped":0,"pct":71.29},"functions":{"total":4,"covered":3,"skipped":0,"pct":75},"statements":{"total":216,"covered":154,"skipped":0,"pct":71.29},"branches":{"total":23,"covered":19,"skipped":0,"pct":82.6}}
,"/home/erik/Workspace/teszt-beadando-excalidraw/packages/utils/src/index.ts": {"lines":{"total":4,"covered":4,"skipped":0,"pct":100},"functions":{"total":0,"covered":0,"skipped":0,"pct":100},"statements":{"total":4,"covered":4,"skipped":0,"pct":100},"branches":{"total":0,"covered":0,"skipped":0,"pct":100}}
,"/home/erik/Workspace/teszt-beadando-excalidraw/packages/utils/src/shape.ts": {"lines":{"total":544,"covered":544,"skipped":0,"pct":100},"functions":{"total":18,"covered":18,"skipped":0,"pct":100},"statements":{"total":544,"covered":544,"skipped":0,"pct":100},"branches":{"total":53,"covered":53,"skipped":0,"pct":100}}
,"/home/erik/Workspace/teszt-beadando-excalidraw/packages/utils/src/test-utils.ts": {"lines":{"total":33,"covered":21,"skipped":0,"pct":63.63},"functions":{"total":3,"covered":1,"skipped":0,"pct":33.33},"statements":{"total":33,"covered":21,"skipped":0,"pct":63.63},"branches":{"total":6,"covered":3,"skipped":0,"pct":50}}
,"/home/erik/Workspace/teszt-beadando-excalidraw/packages/utils/src/withinBounds.ts": {"lines":{"total":228,"covered":201,"skipped":0,"pct":88.15},"functions":{"total":8,"covered":8,"skipped":0,"pct":100},"statements":{"total":228,"covered":201,"skipped":0,"pct":88.15},"branches":{"total":37,"covered":29,"skipped":0,"pct":78.37}}
}
